2021-01-28 19:18:45,795  INFO [main] EmployeeRestAPI:15 - Started Get all employees endpoint
2021-01-28 19:18:50,118  INFO [main] EmployeeRestAPI:30 - Checking response body
2021-01-28 19:18:50,145  INFO [main] EmployeeRestAPI:43 - Checking status code
2021-01-28 19:18:50,147  INFO [main] EmployeeRestAPI:56 - Checking response time
2021-01-28 19:18:50,155  INFO [main] EmployeeRestAPI:69 - Checking status line
2021-01-28 19:18:50,156  INFO [main] EmployeeRestAPI:80 - Checking content type
2021-01-28 19:18:50,157  INFO [main] EmployeeRestAPI:92 - Checking server type
2021-01-28 19:18:50,158  INFO [main] EmployeeRestAPI:116 - Checking content encoding
2021-01-28 19:18:50,162  INFO [main] EmployeeRestAPI:129 - Finished test case Get All Employees endpoint
2021-01-28 19:18:50,168  INFO [main] EmployeeRestAPI:17 - Started Get single employee endpoint
2021-01-28 19:18:53,706  INFO [main] EmployeeRestAPI:32 - Checking response body
2021-01-28 19:18:53,794  INFO [main] EmployeeRestAPI:53 - Checking status code
2021-01-28 19:18:53,798  INFO [main] EmployeeRestAPI:66 - Checking response time
2021-01-28 19:18:53,800  INFO [main] EmployeeRestAPI:79 - Checking status line
2021-01-28 19:18:53,803  INFO [main] EmployeeRestAPI:90 - Checking content type
2021-01-28 19:18:53,809  INFO [main] EmployeeRestAPI:102 - Checking server type
2021-01-28 19:18:53,815  INFO [main] EmployeeRestAPI:127 - Finished test case Get All Employees endpoint
2021-01-28 19:18:53,819  INFO [main] EmployeeRestAPI:23 - Started Creating new employee
2021-01-28 19:18:57,564  INFO [main] EmployeeRestAPI:48 - Checking response body
2021-01-28 19:18:58,027  INFO [main] EmployeeRestAPI:63 - Checking status code
2021-01-28 19:18:58,028  INFO [main] EmployeeRestAPI:76 - Checking response time
2021-01-28 19:18:58,029  INFO [main] EmployeeRestAPI:89 - Checking status line
2021-01-28 19:18:58,031  INFO [main] EmployeeRestAPI:100 - Checking content type
2021-01-28 19:18:58,032  INFO [main] EmployeeRestAPI:112 - Checking server type
2021-01-28 19:18:58,032  INFO [main] EmployeeRestAPI:136 - Finished test case Get All Employees endpoint
2021-01-28 19:18:58,035  INFO [main] EmployeeRestAPI:22 - Started Updating single employee endpoint
2021-01-28 19:19:01,048  INFO [main] EmployeeRestAPI:46 - Checking response body
2021-01-28 19:19:01,075  INFO [main] EmployeeRestAPI:61 - Checking status code
2021-01-28 19:19:01,076  INFO [main] EmployeeRestAPI:74 - Checking response time
2021-01-28 19:19:01,077  INFO [main] EmployeeRestAPI:87 - Checking status line
2021-01-28 19:19:01,082  INFO [main] EmployeeRestAPI:98 - Checking content type
2021-01-28 19:19:01,085  INFO [main] EmployeeRestAPI:110 - Checking server type
2021-01-28 19:19:01,089  INFO [main] EmployeeRestAPI:134 - Finished test case Get All Employees endpoint
2021-01-28 19:19:01,100  INFO [main] EmployeeRestAPI:47 - Checking status code
2021-01-28 19:19:01,106  INFO [main] EmployeeRestAPI:60 - Checking response time
2021-01-28 19:19:01,109  INFO [main] EmployeeRestAPI:73 - Checking status line
2021-01-28 19:19:01,115  INFO [main] EmployeeRestAPI:84 - Checking content type
2021-01-28 19:19:01,120  INFO [main] EmployeeRestAPI:96 - Checking server type
2021-01-28 19:19:01,124  INFO [main] EmployeeRestAPI:109 - Finished test case Get All Employees endpoint
2021-01-28 19:20:29,042  INFO [main] EmployeeRestAPI:15 - Started Get all employees endpoint
2021-01-28 19:20:33,154  INFO [main] EmployeeRestAPI:30 - Checking response body
2021-01-28 19:20:33,186  INFO [main] EmployeeRestAPI:43 - Checking status code
2021-01-28 19:20:33,187  INFO [main] EmployeeRestAPI:56 - Checking response time
2021-01-28 19:20:33,195  INFO [main] EmployeeRestAPI:69 - Checking status line
2021-01-28 19:20:33,198  INFO [main] EmployeeRestAPI:80 - Checking content type
2021-01-28 19:20:33,200  INFO [main] EmployeeRestAPI:92 - Checking server type
2021-01-28 19:20:33,204  INFO [main] EmployeeRestAPI:116 - Checking content encoding
2021-01-28 19:20:33,209  INFO [main] EmployeeRestAPI:129 - Finished test case Get All Employees endpoint
2021-01-28 19:20:33,227  INFO [main] EmployeeRestAPI:17 - Started Get single employee endpoint
2021-01-28 19:20:36,275  INFO [main] EmployeeRestAPI:32 - Checking response body
2021-01-28 19:20:36,782  INFO [main] EmployeeRestAPI:53 - Checking status code
2021-01-28 19:20:36,782  INFO [main] EmployeeRestAPI:66 - Checking response time
2021-01-28 19:20:36,783  INFO [main] EmployeeRestAPI:79 - Checking status line
2021-01-28 19:20:36,784  INFO [main] EmployeeRestAPI:90 - Checking content type
2021-01-28 19:20:36,785  INFO [main] EmployeeRestAPI:102 - Checking server type
2021-01-28 19:20:36,787  INFO [main] EmployeeRestAPI:127 - Finished test case Get All Employees endpoint
2021-01-28 19:20:36,789  INFO [main] EmployeeRestAPI:23 - Started Creating new employee
2021-01-28 19:20:40,706  INFO [main] EmployeeRestAPI:48 - Checking response body
2021-01-28 19:20:40,738  INFO [main] EmployeeRestAPI:63 - Checking status code
2021-01-28 19:20:40,739  INFO [main] EmployeeRestAPI:76 - Checking response time
2021-01-28 19:20:40,743  INFO [main] EmployeeRestAPI:89 - Checking status line
2021-01-28 19:20:40,746  INFO [main] EmployeeRestAPI:100 - Checking content type
2021-01-28 19:20:40,752  INFO [main] EmployeeRestAPI:112 - Checking server type
2021-01-28 19:20:40,754  INFO [main] EmployeeRestAPI:136 - Finished test case Get All Employees endpoint
2021-01-28 19:20:40,758  INFO [main] EmployeeRestAPI:22 - Started Updating single employee endpoint
2021-01-28 19:20:43,627  INFO [main] EmployeeRestAPI:46 - Checking response body
2021-01-28 19:20:43,648  INFO [main] EmployeeRestAPI:61 - Checking status code
2021-01-28 19:20:43,649  INFO [main] EmployeeRestAPI:74 - Checking response time
2021-01-28 19:20:43,649  INFO [main] EmployeeRestAPI:87 - Checking status line
2021-01-28 19:20:43,650  INFO [main] EmployeeRestAPI:98 - Checking content type
2021-01-28 19:20:43,650  INFO [main] EmployeeRestAPI:110 - Checking server type
2021-01-28 19:20:43,650  INFO [main] EmployeeRestAPI:134 - Finished test case Get All Employees endpoint
2021-01-28 19:20:43,652  INFO [main] EmployeeRestAPI:47 - Checking status code
2021-01-28 19:20:43,652  INFO [main] EmployeeRestAPI:60 - Checking response time
2021-01-28 19:20:43,653  INFO [main] EmployeeRestAPI:73 - Checking status line
2021-01-28 19:20:43,653  INFO [main] EmployeeRestAPI:84 - Checking content type
2021-01-28 19:20:43,654  INFO [main] EmployeeRestAPI:96 - Checking server type
2021-01-28 19:20:43,654  INFO [main] EmployeeRestAPI:109 - Finished test case Get All Employees endpoint
2021-01-28 19:27:05,280  INFO [main] EmployeeRestAPI:15 - Started Get all employees endpoint
2021-01-28 19:27:09,499  INFO [main] EmployeeRestAPI:30 - Checking response body
2021-01-28 19:27:09,527  INFO [main] EmployeeRestAPI:43 - Checking status code
2021-01-28 19:27:09,527  INFO [main] EmployeeRestAPI:56 - Checking response time
2021-01-28 19:27:09,531  INFO [main] EmployeeRestAPI:69 - Checking status line
2021-01-28 19:27:09,536  INFO [main] EmployeeRestAPI:80 - Checking content type
2021-01-28 19:27:09,539  INFO [main] EmployeeRestAPI:92 - Checking server type
2021-01-28 19:27:09,542  INFO [main] EmployeeRestAPI:116 - Checking content encoding
2021-01-28 19:27:09,546  INFO [main] EmployeeRestAPI:129 - Finished test case Get All Employees endpoint
2021-01-28 19:27:09,563  INFO [main] EmployeeRestAPI:17 - Started Get single employee endpoint
2021-01-28 19:27:12,695  INFO [main] EmployeeRestAPI:32 - Checking response body
2021-01-28 19:27:13,185  INFO [main] EmployeeRestAPI:53 - Checking status code
2021-01-28 19:27:13,185  INFO [main] EmployeeRestAPI:66 - Checking response time
2021-01-28 19:27:13,186  INFO [main] EmployeeRestAPI:79 - Checking status line
2021-01-28 19:27:13,187  INFO [main] EmployeeRestAPI:90 - Checking content type
2021-01-28 19:27:13,188  INFO [main] EmployeeRestAPI:102 - Checking server type
2021-01-28 19:27:13,190  INFO [main] EmployeeRestAPI:127 - Finished test case Get All Employees endpoint
2021-01-28 19:27:13,193  INFO [main] EmployeeRestAPI:23 - Started Creating new employee
2021-01-28 19:27:17,792  INFO [main] EmployeeRestAPI:48 - Checking response body
2021-01-28 19:27:17,827  INFO [main] EmployeeRestAPI:63 - Checking status code
2021-01-28 19:27:17,828  INFO [main] EmployeeRestAPI:76 - Checking response time
2021-01-28 19:27:17,831  INFO [main] EmployeeRestAPI:89 - Checking status line
2021-01-28 19:27:17,833  INFO [main] EmployeeRestAPI:100 - Checking content type
2021-01-28 19:27:17,834  INFO [main] EmployeeRestAPI:112 - Checking server type
2021-01-28 19:27:17,834  INFO [main] EmployeeRestAPI:136 - Finished test case Get All Employees endpoint
2021-01-28 19:27:17,846  INFO [main] EmployeeRestAPI:22 - Started Updating single employee endpoint
2021-01-28 19:27:21,069  INFO [main] EmployeeRestAPI:46 - Checking response body
2021-01-28 19:27:21,101  INFO [main] EmployeeRestAPI:61 - Checking status code
2021-01-28 19:27:21,101  INFO [main] EmployeeRestAPI:74 - Checking response time
2021-01-28 19:27:21,105  INFO [main] EmployeeRestAPI:87 - Checking status line
2021-01-28 19:27:21,109  INFO [main] EmployeeRestAPI:98 - Checking content type
2021-01-28 19:27:21,113  INFO [main] EmployeeRestAPI:110 - Checking server type
2021-01-28 19:27:21,116  INFO [main] EmployeeRestAPI:134 - Finished test case Get All Employees endpoint
2021-01-28 19:27:21,125  INFO [main] EmployeeRestAPI:47 - Checking status code
2021-01-28 19:27:21,128  INFO [main] EmployeeRestAPI:60 - Checking response time
2021-01-28 19:27:21,133  INFO [main] EmployeeRestAPI:73 - Checking status line
2021-01-28 19:27:21,136  INFO [main] EmployeeRestAPI:84 - Checking content type
2021-01-28 19:27:21,140  INFO [main] EmployeeRestAPI:96 - Checking server type
2021-01-28 19:27:21,141  INFO [main] EmployeeRestAPI:109 - Finished test case Get All Employees endpoint
2021-01-28 19:29:04,179  INFO [main] EmployeeRestAPI:15 - Started Get all employees endpoint
2021-01-28 19:29:08,927  INFO [main] EmployeeRestAPI:30 - Checking response body
2021-01-28 19:29:08,963  INFO [main] EmployeeRestAPI:43 - Checking status code
2021-01-28 19:29:08,963  INFO [main] EmployeeRestAPI:56 - Checking response time
2021-01-28 19:29:08,965  INFO [main] EmployeeRestAPI:69 - Checking status line
2021-01-28 19:29:08,967  INFO [main] EmployeeRestAPI:80 - Checking content type
2021-01-28 19:29:08,969  INFO [main] EmployeeRestAPI:92 - Checking server type
2021-01-28 19:29:08,972  INFO [main] EmployeeRestAPI:116 - Checking content encoding
2021-01-28 19:29:08,976  INFO [main] EmployeeRestAPI:129 - Finished test case Get All Employees endpoint
2021-01-28 19:29:08,989  INFO [main] EmployeeRestAPI:17 - Started Get single employee endpoint
2021-01-28 19:29:12,125  INFO [main] EmployeeRestAPI:32 - Checking response body
2021-01-28 19:29:12,604  INFO [main] EmployeeRestAPI:53 - Checking status code
2021-01-28 19:29:12,605  INFO [main] EmployeeRestAPI:66 - Checking response time
2021-01-28 19:29:12,605  INFO [main] EmployeeRestAPI:79 - Checking status line
2021-01-28 19:29:12,606  INFO [main] EmployeeRestAPI:90 - Checking content type
2021-01-28 19:29:12,607  INFO [main] EmployeeRestAPI:102 - Checking server type
2021-01-28 19:29:12,609  INFO [main] EmployeeRestAPI:127 - Finished test case Get All Employees endpoint
2021-01-28 19:29:12,612  INFO [main] EmployeeRestAPI:23 - Started Creating new employee
2021-01-28 19:29:15,647  INFO [main] EmployeeRestAPI:48 - Checking response body
2021-01-28 19:29:15,677  INFO [main] EmployeeRestAPI:63 - Checking status code
2021-01-28 19:29:15,677  INFO [main] EmployeeRestAPI:76 - Checking response time
2021-01-28 19:29:15,682  INFO [main] EmployeeRestAPI:89 - Checking status line
2021-01-28 19:29:15,683  INFO [main] EmployeeRestAPI:100 - Checking content type
2021-01-28 19:29:15,685  INFO [main] EmployeeRestAPI:112 - Checking server type
2021-01-28 19:29:15,686  INFO [main] EmployeeRestAPI:136 - Finished test case Get All Employees endpoint
2021-01-28 19:29:15,695  INFO [main] EmployeeRestAPI:22 - Started Updating single employee endpoint
2021-01-28 19:29:19,426  INFO [main] EmployeeRestAPI:46 - Checking response body
2021-01-28 19:29:19,458  INFO [main] EmployeeRestAPI:61 - Checking status code
2021-01-28 19:29:19,458  INFO [main] EmployeeRestAPI:74 - Checking response time
2021-01-28 19:29:19,462  INFO [main] EmployeeRestAPI:87 - Checking status line
2021-01-28 19:29:19,463  INFO [main] EmployeeRestAPI:98 - Checking content type
2021-01-28 19:29:19,464  INFO [main] EmployeeRestAPI:110 - Checking server type
2021-01-28 19:29:19,465  INFO [main] EmployeeRestAPI:134 - Finished test case Get All Employees endpoint
2021-01-28 19:29:19,473  INFO [main] EmployeeRestAPI:47 - Checking status code
2021-01-28 19:29:19,475  INFO [main] EmployeeRestAPI:60 - Checking response time
2021-01-28 19:29:19,476  INFO [main] EmployeeRestAPI:73 - Checking status line
2021-01-28 19:29:19,479  INFO [main] EmployeeRestAPI:84 - Checking content type
2021-01-28 19:29:19,483  INFO [main] EmployeeRestAPI:96 - Checking server type
2021-01-28 19:29:19,488  INFO [main] EmployeeRestAPI:109 - Finished test case Get All Employees endpoint
2021-01-28 19:31:39,455  INFO [main] EmployeeRestAPI:15 - Started Get all employees endpoint
2021-01-28 19:31:43,152  INFO [main] EmployeeRestAPI:30 - Checking response body
2021-01-28 19:31:43,195  INFO [main] EmployeeRestAPI:43 - Checking status code
2021-01-28 19:31:43,195  INFO [main] EmployeeRestAPI:56 - Checking response time
2021-01-28 19:31:43,199  INFO [main] EmployeeRestAPI:69 - Checking status line
2021-01-28 19:31:43,204  INFO [main] EmployeeRestAPI:80 - Checking content type
2021-01-28 19:31:43,210  INFO [main] EmployeeRestAPI:92 - Checking server type
2021-01-28 19:31:43,215  INFO [main] EmployeeRestAPI:116 - Checking content encoding
2021-01-28 19:31:43,218  INFO [main] EmployeeRestAPI:129 - Finished test case Get All Employees endpoint
2021-01-28 19:31:43,232  INFO [main] EmployeeRestAPI:17 - Started Get single employee endpoint
2021-01-28 19:31:46,174  INFO [main] EmployeeRestAPI:32 - Checking response body
2021-01-28 19:31:46,686  INFO [main] EmployeeRestAPI:53 - Checking status code
2021-01-28 19:31:46,687  INFO [main] EmployeeRestAPI:66 - Checking response time
2021-01-28 19:31:46,689  INFO [main] EmployeeRestAPI:79 - Checking status line
2021-01-28 19:31:46,690  INFO [main] EmployeeRestAPI:90 - Checking content type
2021-01-28 19:31:46,692  INFO [main] EmployeeRestAPI:102 - Checking server type
2021-01-28 19:31:46,694  INFO [main] EmployeeRestAPI:127 - Finished test case Get All Employees endpoint
2021-01-28 19:31:46,697  INFO [main] EmployeeRestAPI:23 - Started Creating new employee
2021-01-28 19:31:49,861  INFO [main] EmployeeRestAPI:48 - Checking response body
2021-01-28 19:31:49,895  INFO [main] EmployeeRestAPI:63 - Checking status code
2021-01-28 19:31:49,899  INFO [main] EmployeeRestAPI:76 - Checking response time
2021-01-28 19:31:49,901  INFO [main] EmployeeRestAPI:89 - Checking status line
2021-01-28 19:31:49,903  INFO [main] EmployeeRestAPI:100 - Checking content type
2021-01-28 19:31:49,906  INFO [main] EmployeeRestAPI:112 - Checking server type
2021-01-28 19:31:49,912  INFO [main] EmployeeRestAPI:136 - Finished test case Get All Employees endpoint
2021-01-28 19:31:49,919  INFO [main] EmployeeRestAPI:22 - Started Updating single employee endpoint
2021-01-28 19:31:52,840  INFO [main] EmployeeRestAPI:46 - Checking response body
2021-01-28 19:31:52,868  INFO [main] EmployeeRestAPI:61 - Checking status code
2021-01-28 19:31:52,871  INFO [main] EmployeeRestAPI:74 - Checking response time
2021-01-28 19:31:52,873  INFO [main] EmployeeRestAPI:87 - Checking status line
2021-01-28 19:31:52,874  INFO [main] EmployeeRestAPI:98 - Checking content type
2021-01-28 19:31:52,878  INFO [main] EmployeeRestAPI:110 - Checking server type
2021-01-28 19:31:52,880  INFO [main] EmployeeRestAPI:134 - Finished test case Get All Employees endpoint
2021-01-28 19:31:52,884  INFO [main] EmployeeRestAPI:47 - Checking status code
2021-01-28 19:31:52,886  INFO [main] EmployeeRestAPI:60 - Checking response time
2021-01-28 19:31:52,888  INFO [main] EmployeeRestAPI:73 - Checking status line
2021-01-28 19:31:52,890  INFO [main] EmployeeRestAPI:84 - Checking content type
2021-01-28 19:31:52,891  INFO [main] EmployeeRestAPI:96 - Checking server type
2021-01-28 19:31:52,893  INFO [main] EmployeeRestAPI:109 - Finished test case Get All Employees endpoint
2021-01-28 19:31:52,941 DEBUG [main] cache:45 - Couldn't find template in cache for "v3html/v3-html-index.ftl"("en", UTF-8, parsed); will try to load it.
2021-01-28 19:31:52,942 DEBUG [main] cache:45 - TemplateLoader.findTemplateSource("v3html/v3-html-index_en.ftl"): Not found
2021-01-28 19:31:52,944 DEBUG [main] cache:45 - TemplateLoader.findTemplateSource("v3html/v3-html-index.ftl"): Found
2021-01-28 19:31:52,945 DEBUG [main] cache:45 - Loading template for "v3html/v3-html-index.ftl"("en", UTF-8, parsed) from "jar:file:/Users/zuura/.m2/repository/com/aventstack/extentreports/4.0.4/extentreports-4.0.4.jar!/com/aventstack/extentreports/view/v3html/v3-html-index.ftl"
2021-01-28 19:31:53,129 DEBUG [main] cache:45 - Couldn't find template in cache for "v3html/v3-html-head.ftl"("en", UTF-8, parsed); will try to load it.
2021-01-28 19:31:53,129 DEBUG [main] cache:45 - TemplateLoader.findTemplateSource("v3html/v3-html-head_en.ftl"): Not found
2021-01-28 19:31:53,129 DEBUG [main] cache:45 - TemplateLoader.findTemplateSource("v3html/v3-html-head.ftl"): Found
2021-01-28 19:31:53,130 DEBUG [main] cache:45 - Loading template for "v3html/v3-html-head.ftl"("en", UTF-8, parsed) from "jar:file:/Users/zuura/.m2/repository/com/aventstack/extentreports/4.0.4/extentreports-4.0.4.jar!/com/aventstack/extentreports/view/v3html/v3-html-head.ftl"
2021-01-28 19:31:53,132 DEBUG [main] cache:45 - Couldn't find template in cache for "v3html/v3-html-nav.ftl"("en", UTF-8, parsed); will try to load it.
2021-01-28 19:31:53,132 DEBUG [main] cache:45 - TemplateLoader.findTemplateSource("v3html/v3-html-nav_en.ftl"): Not found
2021-01-28 19:31:53,133 DEBUG [main] cache:45 - TemplateLoader.findTemplateSource("v3html/v3-html-nav.ftl"): Found
2021-01-28 19:31:53,133 DEBUG [main] cache:45 - Loading template for "v3html/v3-html-nav.ftl"("en", UTF-8, parsed) from "jar:file:/Users/zuura/.m2/repository/com/aventstack/extentreports/4.0.4/extentreports-4.0.4.jar!/com/aventstack/extentreports/view/v3html/v3-html-nav.ftl"
2021-01-28 19:31:53,138 DEBUG [main] cache:45 - Couldn't find template in cache for "v3html/test-view/v3-html-test-view.ftl"("en", UTF-8, parsed); will try to load it.
2021-01-28 19:31:53,138 DEBUG [main] cache:45 - TemplateLoader.findTemplateSource("v3html/test-view/v3-html-test-view_en.ftl"): Not found
2021-01-28 19:31:53,138 DEBUG [main] cache:45 - TemplateLoader.findTemplateSource("v3html/test-view/v3-html-test-view.ftl"): Found
2021-01-28 19:31:53,139 DEBUG [main] cache:45 - Loading template for "v3html/test-view/v3-html-test-view.ftl"("en", UTF-8, parsed) from "jar:file:/Users/zuura/.m2/repository/com/aventstack/extentreports/4.0.4/extentreports-4.0.4.jar!/com/aventstack/extentreports/view/v3html/test-view/v3-html-test-view.ftl"
2021-01-28 19:31:53,147 DEBUG [main] cache:45 - Couldn't find template in cache for "v3html/test-view/v3-html-test-view-charts.ftl"("en", UTF-8, parsed); will try to load it.
2021-01-28 19:31:53,147 DEBUG [main] cache:45 - TemplateLoader.findTemplateSource("v3html/test-view/v3-html-test-view-charts_en.ftl"): Not found
2021-01-28 19:31:53,148 DEBUG [main] cache:45 - TemplateLoader.findTemplateSource("v3html/test-view/v3-html-test-view-charts.ftl"): Found
2021-01-28 19:31:53,148 DEBUG [main] cache:45 - Loading template for "v3html/test-view/v3-html-test-view-charts.ftl"("en", UTF-8, parsed) from "jar:file:/Users/zuura/.m2/repository/com/aventstack/extentreports/4.0.4/extentreports-4.0.4.jar!/com/aventstack/extentreports/view/v3html/test-view/v3-html-test-view-charts.ftl"
2021-01-28 19:31:53,157 DEBUG [main] cache:45 - Couldn't find template in cache for "v3html/test-view/v3-html-standard.ftl"("en", UTF-8, parsed); will try to load it.
2021-01-28 19:31:53,158 DEBUG [main] cache:45 - TemplateLoader.findTemplateSource("v3html/test-view/v3-html-standard_en.ftl"): Not found
2021-01-28 19:31:53,158 DEBUG [main] cache:45 - TemplateLoader.findTemplateSource("v3html/test-view/v3-html-standard.ftl"): Found
2021-01-28 19:31:53,158 DEBUG [main] cache:45 - Loading template for "v3html/test-view/v3-html-standard.ftl"("en", UTF-8, parsed) from "jar:file:/Users/zuura/.m2/repository/com/aventstack/extentreports/4.0.4/extentreports-4.0.4.jar!/com/aventstack/extentreports/view/v3html/test-view/v3-html-standard.ftl"
2021-01-28 19:31:53,169 DEBUG [main] cache:45 - "v3html/test-view/v3-html-standard.ftl"("en", UTF-8, parsed) cached copy not yet stale; using cached.
2021-01-28 19:31:53,170 DEBUG [main] cache:45 - "v3html/test-view/v3-html-standard.ftl"("en", UTF-8, parsed) cached copy not yet stale; using cached.
2021-01-28 19:31:53,171 DEBUG [main] cache:45 - "v3html/test-view/v3-html-standard.ftl"("en", UTF-8, parsed) cached copy not yet stale; using cached.
2021-01-28 19:31:53,173 DEBUG [main] cache:45 - "v3html/test-view/v3-html-standard.ftl"("en", UTF-8, parsed) cached copy not yet stale; using cached.
2021-01-28 19:31:53,174 DEBUG [main] cache:45 - "v3html/test-view/v3-html-standard.ftl"("en", UTF-8, parsed) cached copy not yet stale; using cached.
2021-01-28 19:31:53,174 DEBUG [main] cache:45 - "v3html/test-view/v3-html-standard.ftl"("en", UTF-8, parsed) cached copy not yet stale; using cached.
2021-01-28 19:31:53,175 DEBUG [main] cache:45 - "v3html/test-view/v3-html-standard.ftl"("en", UTF-8, parsed) cached copy not yet stale; using cached.
2021-01-28 19:31:53,177 DEBUG [main] cache:45 - "v3html/test-view/v3-html-standard.ftl"("en", UTF-8, parsed) cached copy not yet stale; using cached.
2021-01-28 19:31:53,178 DEBUG [main] cache:45 - "v3html/test-view/v3-html-standard.ftl"("en", UTF-8, parsed) cached copy not yet stale; using cached.
2021-01-28 19:31:53,178 DEBUG [main] cache:45 - "v3html/test-view/v3-html-standard.ftl"("en", UTF-8, parsed) cached copy not yet stale; using cached.
2021-01-28 19:31:53,179 DEBUG [main] cache:45 - "v3html/test-view/v3-html-standard.ftl"("en", UTF-8, parsed) cached copy not yet stale; using cached.
2021-01-28 19:31:53,180 DEBUG [main] cache:45 - "v3html/test-view/v3-html-standard.ftl"("en", UTF-8, parsed) cached copy not yet stale; using cached.
2021-01-28 19:31:53,181 DEBUG [main] cache:45 - "v3html/test-view/v3-html-standard.ftl"("en", UTF-8, parsed) cached copy not yet stale; using cached.
2021-01-28 19:31:53,182 DEBUG [main] cache:45 - "v3html/test-view/v3-html-standard.ftl"("en", UTF-8, parsed) cached copy not yet stale; using cached.
2021-01-28 19:31:53,183 DEBUG [main] cache:45 - "v3html/test-view/v3-html-standard.ftl"("en", UTF-8, parsed) cached copy not yet stale; using cached.
2021-01-28 19:31:53,185 DEBUG [main] cache:45 - "v3html/test-view/v3-html-standard.ftl"("en", UTF-8, parsed) cached copy not yet stale; using cached.
2021-01-28 19:31:53,186 DEBUG [main] cache:45 - "v3html/test-view/v3-html-standard.ftl"("en", UTF-8, parsed) cached copy not yet stale; using cached.
2021-01-28 19:31:53,187 DEBUG [main] cache:45 - "v3html/test-view/v3-html-standard.ftl"("en", UTF-8, parsed) cached copy not yet stale; using cached.
2021-01-28 19:31:53,188 DEBUG [main] cache:45 - "v3html/test-view/v3-html-standard.ftl"("en", UTF-8, parsed) cached copy not yet stale; using cached.
2021-01-28 19:31:53,188 DEBUG [main] cache:45 - "v3html/test-view/v3-html-standard.ftl"("en", UTF-8, parsed) cached copy not yet stale; using cached.
2021-01-28 19:31:53,189 DEBUG [main] cache:45 - "v3html/test-view/v3-html-standard.ftl"("en", UTF-8, parsed) cached copy not yet stale; using cached.
2021-01-28 19:31:53,190 DEBUG [main] cache:45 - "v3html/test-view/v3-html-standard.ftl"("en", UTF-8, parsed) cached copy not yet stale; using cached.
2021-01-28 19:31:53,190 DEBUG [main] cache:45 - "v3html/test-view/v3-html-standard.ftl"("en", UTF-8, parsed) cached copy not yet stale; using cached.
2021-01-28 19:31:53,191 DEBUG [main] cache:45 - "v3html/test-view/v3-html-standard.ftl"("en", UTF-8, parsed) cached copy not yet stale; using cached.
2021-01-28 19:31:53,191 DEBUG [main] cache:45 - "v3html/test-view/v3-html-standard.ftl"("en", UTF-8, parsed) cached copy not yet stale; using cached.
2021-01-28 19:31:53,191 DEBUG [main] cache:45 - "v3html/test-view/v3-html-standard.ftl"("en", UTF-8, parsed) cached copy not yet stale; using cached.
2021-01-28 19:31:53,192 DEBUG [main] cache:45 - "v3html/test-view/v3-html-standard.ftl"("en", UTF-8, parsed) cached copy not yet stale; using cached.
2021-01-28 19:31:53,193 DEBUG [main] cache:45 - "v3html/test-view/v3-html-standard.ftl"("en", UTF-8, parsed) cached copy not yet stale; using cached.
2021-01-28 19:31:53,193 DEBUG [main] cache:45 - "v3html/test-view/v3-html-standard.ftl"("en", UTF-8, parsed) cached copy not yet stale; using cached.
2021-01-28 19:31:53,194 DEBUG [main] cache:45 - Couldn't find template in cache for "v3html/category-view/v3-html-category-view.ftl"("en", UTF-8, parsed); will try to load it.
2021-01-28 19:31:53,194 DEBUG [main] cache:45 - TemplateLoader.findTemplateSource("v3html/category-view/v3-html-category-view_en.ftl"): Not found
2021-01-28 19:31:53,195 DEBUG [main] cache:45 - TemplateLoader.findTemplateSource("v3html/category-view/v3-html-category-view.ftl"): Found
2021-01-28 19:31:53,195 DEBUG [main] cache:45 - Loading template for "v3html/category-view/v3-html-category-view.ftl"("en", UTF-8, parsed) from "jar:file:/Users/zuura/.m2/repository/com/aventstack/extentreports/4.0.4/extentreports-4.0.4.jar!/com/aventstack/extentreports/view/v3html/category-view/v3-html-category-view.ftl"
2021-01-28 19:31:53,198 DEBUG [main] cache:45 - Couldn't find template in cache for "v3html/exception-view/v3-html-exception-view.ftl"("en", UTF-8, parsed); will try to load it.
2021-01-28 19:31:53,198 DEBUG [main] cache:45 - TemplateLoader.findTemplateSource("v3html/exception-view/v3-html-exception-view_en.ftl"): Not found
2021-01-28 19:31:53,215 DEBUG [main] cache:45 - TemplateLoader.findTemplateSource("v3html/exception-view/v3-html-exception-view.ftl"): Found
2021-01-28 19:31:53,215 DEBUG [main] cache:45 - Loading template for "v3html/exception-view/v3-html-exception-view.ftl"("en", UTF-8, parsed) from "jar:file:/Users/zuura/.m2/repository/com/aventstack/extentreports/4.0.4/extentreports-4.0.4.jar!/com/aventstack/extentreports/view/v3html/exception-view/v3-html-exception-view.ftl"
2021-01-28 19:31:53,220 DEBUG [main] cache:45 - Couldn't find template in cache for "v3html/author-view/v3-html-author-view.ftl"("en", UTF-8, parsed); will try to load it.
2021-01-28 19:31:53,221 DEBUG [main] cache:45 - TemplateLoader.findTemplateSource("v3html/author-view/v3-html-author-view_en.ftl"): Not found
2021-01-28 19:31:53,221 DEBUG [main] cache:45 - TemplateLoader.findTemplateSource("v3html/author-view/v3-html-author-view.ftl"): Found
2021-01-28 19:31:53,221 DEBUG [main] cache:45 - Loading template for "v3html/author-view/v3-html-author-view.ftl"("en", UTF-8, parsed) from "jar:file:/Users/zuura/.m2/repository/com/aventstack/extentreports/4.0.4/extentreports-4.0.4.jar!/com/aventstack/extentreports/view/v3html/author-view/v3-html-author-view.ftl"
2021-01-28 19:31:53,224 DEBUG [main] cache:45 - Couldn't find template in cache for "v3html/dashboard-view/v3-html-dashboard-view.ftl"("en", UTF-8, parsed); will try to load it.
2021-01-28 19:31:53,224 DEBUG [main] cache:45 - TemplateLoader.findTemplateSource("v3html/dashboard-view/v3-html-dashboard-view_en.ftl"): Not found
2021-01-28 19:31:53,225 DEBUG [main] cache:45 - TemplateLoader.findTemplateSource("v3html/dashboard-view/v3-html-dashboard-view.ftl"): Found
2021-01-28 19:31:53,225 DEBUG [main] cache:45 - Loading template for "v3html/dashboard-view/v3-html-dashboard-view.ftl"("en", UTF-8, parsed) from "jar:file:/Users/zuura/.m2/repository/com/aventstack/extentreports/4.0.4/extentreports-4.0.4.jar!/com/aventstack/extentreports/view/v3html/dashboard-view/v3-html-dashboard-view.ftl"
2021-01-28 19:31:53,229 DEBUG [main] cache:45 - Couldn't find template in cache for "v3html/logs-view/v3-html-testrunner-logs-view.ftl"("en", UTF-8, parsed); will try to load it.
2021-01-28 19:31:53,230 DEBUG [main] cache:45 - TemplateLoader.findTemplateSource("v3html/logs-view/v3-html-testrunner-logs-view_en.ftl"): Not found
2021-01-28 19:31:53,230 DEBUG [main] cache:45 - TemplateLoader.findTemplateSource("v3html/logs-view/v3-html-testrunner-logs-view.ftl"): Found
2021-01-28 19:31:53,230 DEBUG [main] cache:45 - Loading template for "v3html/logs-view/v3-html-testrunner-logs-view.ftl"("en", UTF-8, parsed) from "jar:file:/Users/zuura/.m2/repository/com/aventstack/extentreports/4.0.4/extentreports-4.0.4.jar!/com/aventstack/extentreports/view/v3html/logs-view/v3-html-testrunner-logs-view.ftl"
2021-01-28 19:33:38,404  INFO [main] EmployeeRestAPI:15 - Started Get all employees endpoint
2021-01-28 19:33:42,852  INFO [main] EmployeeRestAPI:30 - Checking response body
2021-01-28 19:33:42,895  INFO [main] EmployeeRestAPI:43 - Checking status code
2021-01-28 19:33:42,895  INFO [main] EmployeeRestAPI:56 - Checking response time
2021-01-28 19:33:42,901  INFO [main] EmployeeRestAPI:69 - Checking status line
2021-01-28 19:33:42,904  INFO [main] EmployeeRestAPI:80 - Checking content type
2021-01-28 19:33:42,907  INFO [main] EmployeeRestAPI:92 - Checking server type
2021-01-28 19:33:42,909  INFO [main] EmployeeRestAPI:116 - Checking content encoding
2021-01-28 19:33:42,913  INFO [main] EmployeeRestAPI:129 - Finished test case Get All Employees endpoint
2021-01-28 19:33:42,920  INFO [main] EmployeeRestAPI:17 - Started Get single employee endpoint
2021-01-28 19:33:46,690  INFO [main] EmployeeRestAPI:32 - Checking response body
2021-01-28 19:33:47,154  INFO [main] EmployeeRestAPI:53 - Checking status code
2021-01-28 19:33:47,155  INFO [main] EmployeeRestAPI:66 - Checking response time
2021-01-28 19:33:47,156  INFO [main] EmployeeRestAPI:79 - Checking status line
2021-01-28 19:33:47,157  INFO [main] EmployeeRestAPI:90 - Checking content type
2021-01-28 19:33:47,159  INFO [main] EmployeeRestAPI:102 - Checking server type
2021-01-28 19:33:47,161  INFO [main] EmployeeRestAPI:127 - Finished test case Get All Employees endpoint
2021-01-28 19:33:47,163  INFO [main] EmployeeRestAPI:23 - Started Creating new employee
2021-01-28 19:33:50,097  INFO [main] EmployeeRestAPI:48 - Checking response body
2021-01-28 19:33:50,177  INFO [main] EmployeeRestAPI:63 - Checking status code
2021-01-28 19:33:50,179  INFO [main] EmployeeRestAPI:76 - Checking response time
2021-01-28 19:33:50,180  INFO [main] EmployeeRestAPI:89 - Checking status line
2021-01-28 19:33:50,181  INFO [main] EmployeeRestAPI:100 - Checking content type
2021-01-28 19:33:50,182  INFO [main] EmployeeRestAPI:112 - Checking server type
2021-01-28 19:33:50,183  INFO [main] EmployeeRestAPI:136 - Finished test case Get All Employees endpoint
2021-01-28 19:33:50,186  INFO [main] EmployeeRestAPI:22 - Started Updating single employee endpoint
2021-01-28 19:33:52,937  INFO [main] EmployeeRestAPI:46 - Checking response body
2021-01-28 19:33:52,965  INFO [main] EmployeeRestAPI:61 - Checking status code
2021-01-28 19:33:52,969  INFO [main] EmployeeRestAPI:74 - Checking response time
2021-01-28 19:33:52,971  INFO [main] EmployeeRestAPI:87 - Checking status line
2021-01-28 19:33:52,972  INFO [main] EmployeeRestAPI:98 - Checking content type
2021-01-28 19:33:52,976  INFO [main] EmployeeRestAPI:110 - Checking server type
2021-01-28 19:33:52,977  INFO [main] EmployeeRestAPI:134 - Finished test case Get All Employees endpoint
2021-01-28 19:33:52,983  INFO [main] EmployeeRestAPI:47 - Checking status code
2021-01-28 19:33:52,984  INFO [main] EmployeeRestAPI:60 - Checking response time
2021-01-28 19:33:52,986  INFO [main] EmployeeRestAPI:73 - Checking status line
2021-01-28 19:33:52,988  INFO [main] EmployeeRestAPI:84 - Checking content type
2021-01-28 19:33:52,989  INFO [main] EmployeeRestAPI:96 - Checking server type
2021-01-28 19:33:52,990  INFO [main] EmployeeRestAPI:109 - Finished test case Get All Employees endpoint
2021-01-28 19:33:53,038 DEBUG [main] cache:45 - Couldn't find template in cache for "v3html/v3-html-index.ftl"("en", UTF-8, parsed); will try to load it.
2021-01-28 19:33:53,040 DEBUG [main] cache:45 - TemplateLoader.findTemplateSource("v3html/v3-html-index_en.ftl"): Not found
2021-01-28 19:33:53,045 DEBUG [main] cache:45 - TemplateLoader.findTemplateSource("v3html/v3-html-index.ftl"): Found
2021-01-28 19:33:53,046 DEBUG [main] cache:45 - Loading template for "v3html/v3-html-index.ftl"("en", UTF-8, parsed) from "jar:file:/Users/zuura/.m2/repository/com/aventstack/extentreports/4.0.4/extentreports-4.0.4.jar!/com/aventstack/extentreports/view/v3html/v3-html-index.ftl"
2021-01-28 19:33:53,215 DEBUG [main] cache:45 - Couldn't find template in cache for "v3html/v3-html-head.ftl"("en", UTF-8, parsed); will try to load it.
2021-01-28 19:33:53,216 DEBUG [main] cache:45 - TemplateLoader.findTemplateSource("v3html/v3-html-head_en.ftl"): Not found
2021-01-28 19:33:53,216 DEBUG [main] cache:45 - TemplateLoader.findTemplateSource("v3html/v3-html-head.ftl"): Found
2021-01-28 19:33:53,216 DEBUG [main] cache:45 - Loading template for "v3html/v3-html-head.ftl"("en", UTF-8, parsed) from "jar:file:/Users/zuura/.m2/repository/com/aventstack/extentreports/4.0.4/extentreports-4.0.4.jar!/com/aventstack/extentreports/view/v3html/v3-html-head.ftl"
2021-01-28 19:33:53,219 DEBUG [main] cache:45 - Couldn't find template in cache for "v3html/v3-html-nav.ftl"("en", UTF-8, parsed); will try to load it.
2021-01-28 19:33:53,219 DEBUG [main] cache:45 - TemplateLoader.findTemplateSource("v3html/v3-html-nav_en.ftl"): Not found
2021-01-28 19:33:53,219 DEBUG [main] cache:45 - TemplateLoader.findTemplateSource("v3html/v3-html-nav.ftl"): Found
2021-01-28 19:33:53,219 DEBUG [main] cache:45 - Loading template for "v3html/v3-html-nav.ftl"("en", UTF-8, parsed) from "jar:file:/Users/zuura/.m2/repository/com/aventstack/extentreports/4.0.4/extentreports-4.0.4.jar!/com/aventstack/extentreports/view/v3html/v3-html-nav.ftl"
2021-01-28 19:33:53,225 DEBUG [main] cache:45 - Couldn't find template in cache for "v3html/test-view/v3-html-test-view.ftl"("en", UTF-8, parsed); will try to load it.
2021-01-28 19:33:53,226 DEBUG [main] cache:45 - TemplateLoader.findTemplateSource("v3html/test-view/v3-html-test-view_en.ftl"): Not found
2021-01-28 19:33:53,226 DEBUG [main] cache:45 - TemplateLoader.findTemplateSource("v3html/test-view/v3-html-test-view.ftl"): Found
2021-01-28 19:33:53,226 DEBUG [main] cache:45 - Loading template for "v3html/test-view/v3-html-test-view.ftl"("en", UTF-8, parsed) from "jar:file:/Users/zuura/.m2/repository/com/aventstack/extentreports/4.0.4/extentreports-4.0.4.jar!/com/aventstack/extentreports/view/v3html/test-view/v3-html-test-view.ftl"
2021-01-28 19:33:53,234 DEBUG [main] cache:45 - Couldn't find template in cache for "v3html/test-view/v3-html-test-view-charts.ftl"("en", UTF-8, parsed); will try to load it.
2021-01-28 19:33:53,234 DEBUG [main] cache:45 - TemplateLoader.findTemplateSource("v3html/test-view/v3-html-test-view-charts_en.ftl"): Not found
2021-01-28 19:33:53,234 DEBUG [main] cache:45 - TemplateLoader.findTemplateSource("v3html/test-view/v3-html-test-view-charts.ftl"): Found
2021-01-28 19:33:53,235 DEBUG [main] cache:45 - Loading template for "v3html/test-view/v3-html-test-view-charts.ftl"("en", UTF-8, parsed) from "jar:file:/Users/zuura/.m2/repository/com/aventstack/extentreports/4.0.4/extentreports-4.0.4.jar!/com/aventstack/extentreports/view/v3html/test-view/v3-html-test-view-charts.ftl"
2021-01-28 19:33:53,243 DEBUG [main] cache:45 - Couldn't find template in cache for "v3html/test-view/v3-html-standard.ftl"("en", UTF-8, parsed); will try to load it.
2021-01-28 19:33:53,243 DEBUG [main] cache:45 - TemplateLoader.findTemplateSource("v3html/test-view/v3-html-standard_en.ftl"): Not found
2021-01-28 19:33:53,243 DEBUG [main] cache:45 - TemplateLoader.findTemplateSource("v3html/test-view/v3-html-standard.ftl"): Found
2021-01-28 19:33:53,244 DEBUG [main] cache:45 - Loading template for "v3html/test-view/v3-html-standard.ftl"("en", UTF-8, parsed) from "jar:file:/Users/zuura/.m2/repository/com/aventstack/extentreports/4.0.4/extentreports-4.0.4.jar!/com/aventstack/extentreports/view/v3html/test-view/v3-html-standard.ftl"
2021-01-28 19:33:53,253 DEBUG [main] cache:45 - "v3html/test-view/v3-html-standard.ftl"("en", UTF-8, parsed) cached copy not yet stale; using cached.
2021-01-28 19:33:53,254 DEBUG [main] cache:45 - "v3html/test-view/v3-html-standard.ftl"("en", UTF-8, parsed) cached copy not yet stale; using cached.
2021-01-28 19:33:53,255 DEBUG [main] cache:45 - "v3html/test-view/v3-html-standard.ftl"("en", UTF-8, parsed) cached copy not yet stale; using cached.
2021-01-28 19:33:53,256 DEBUG [main] cache:45 - "v3html/test-view/v3-html-standard.ftl"("en", UTF-8, parsed) cached copy not yet stale; using cached.
2021-01-28 19:33:53,257 DEBUG [main] cache:45 - "v3html/test-view/v3-html-standard.ftl"("en", UTF-8, parsed) cached copy not yet stale; using cached.
2021-01-28 19:33:53,257 DEBUG [main] cache:45 - "v3html/test-view/v3-html-standard.ftl"("en", UTF-8, parsed) cached copy not yet stale; using cached.
2021-01-28 19:33:53,258 DEBUG [main] cache:45 - "v3html/test-view/v3-html-standard.ftl"("en", UTF-8, parsed) cached copy not yet stale; using cached.
2021-01-28 19:33:53,259 DEBUG [main] cache:45 - "v3html/test-view/v3-html-standard.ftl"("en", UTF-8, parsed) cached copy not yet stale; using cached.
2021-01-28 19:33:53,260 DEBUG [main] cache:45 - "v3html/test-view/v3-html-standard.ftl"("en", UTF-8, parsed) cached copy not yet stale; using cached.
2021-01-28 19:33:53,261 DEBUG [main] cache:45 - "v3html/test-view/v3-html-standard.ftl"("en", UTF-8, parsed) cached copy not yet stale; using cached.
2021-01-28 19:33:53,262 DEBUG [main] cache:45 - "v3html/test-view/v3-html-standard.ftl"("en", UTF-8, parsed) cached copy not yet stale; using cached.
2021-01-28 19:33:53,263 DEBUG [main] cache:45 - "v3html/test-view/v3-html-standard.ftl"("en", UTF-8, parsed) cached copy not yet stale; using cached.
2021-01-28 19:33:53,263 DEBUG [main] cache:45 - "v3html/test-view/v3-html-standard.ftl"("en", UTF-8, parsed) cached copy not yet stale; using cached.
2021-01-28 19:33:53,264 DEBUG [main] cache:45 - "v3html/test-view/v3-html-standard.ftl"("en", UTF-8, parsed) cached copy not yet stale; using cached.
2021-01-28 19:33:53,265 DEBUG [main] cache:45 - "v3html/test-view/v3-html-standard.ftl"("en", UTF-8, parsed) cached copy not yet stale; using cached.
2021-01-28 19:33:53,268 DEBUG [main] cache:45 - "v3html/test-view/v3-html-standard.ftl"("en", UTF-8, parsed) cached copy not yet stale; using cached.
2021-01-28 19:33:53,269 DEBUG [main] cache:45 - "v3html/test-view/v3-html-standard.ftl"("en", UTF-8, parsed) cached copy not yet stale; using cached.
2021-01-28 19:33:53,270 DEBUG [main] cache:45 - "v3html/test-view/v3-html-standard.ftl"("en", UTF-8, parsed) cached copy not yet stale; using cached.
2021-01-28 19:33:53,271 DEBUG [main] cache:45 - "v3html/test-view/v3-html-standard.ftl"("en", UTF-8, parsed) cached copy not yet stale; using cached.
2021-01-28 19:33:53,271 DEBUG [main] cache:45 - "v3html/test-view/v3-html-standard.ftl"("en", UTF-8, parsed) cached copy not yet stale; using cached.
2021-01-28 19:33:53,272 DEBUG [main] cache:45 - "v3html/test-view/v3-html-standard.ftl"("en", UTF-8, parsed) cached copy not yet stale; using cached.
2021-01-28 19:33:53,272 DEBUG [main] cache:45 - "v3html/test-view/v3-html-standard.ftl"("en", UTF-8, parsed) cached copy not yet stale; using cached.
2021-01-28 19:33:53,273 DEBUG [main] cache:45 - "v3html/test-view/v3-html-standard.ftl"("en", UTF-8, parsed) cached copy not yet stale; using cached.
2021-01-28 19:33:53,274 DEBUG [main] cache:45 - "v3html/test-view/v3-html-standard.ftl"("en", UTF-8, parsed) cached copy not yet stale; using cached.
2021-01-28 19:33:53,274 DEBUG [main] cache:45 - "v3html/test-view/v3-html-standard.ftl"("en", UTF-8, parsed) cached copy not yet stale; using cached.
2021-01-28 19:33:53,275 DEBUG [main] cache:45 - "v3html/test-view/v3-html-standard.ftl"("en", UTF-8, parsed) cached copy not yet stale; using cached.
2021-01-28 19:33:53,275 DEBUG [main] cache:45 - "v3html/test-view/v3-html-standard.ftl"("en", UTF-8, parsed) cached copy not yet stale; using cached.
2021-01-28 19:33:53,275 DEBUG [main] cache:45 - "v3html/test-view/v3-html-standard.ftl"("en", UTF-8, parsed) cached copy not yet stale; using cached.
2021-01-28 19:33:53,276 DEBUG [main] cache:45 - "v3html/test-view/v3-html-standard.ftl"("en", UTF-8, parsed) cached copy not yet stale; using cached.
2021-01-28 19:33:53,276 DEBUG [main] cache:45 - Couldn't find template in cache for "v3html/category-view/v3-html-category-view.ftl"("en", UTF-8, parsed); will try to load it.
2021-01-28 19:33:53,277 DEBUG [main] cache:45 - TemplateLoader.findTemplateSource("v3html/category-view/v3-html-category-view_en.ftl"): Not found
2021-01-28 19:33:53,277 DEBUG [main] cache:45 - TemplateLoader.findTemplateSource("v3html/category-view/v3-html-category-view.ftl"): Found
2021-01-28 19:33:53,277 DEBUG [main] cache:45 - Loading template for "v3html/category-view/v3-html-category-view.ftl"("en", UTF-8, parsed) from "jar:file:/Users/zuura/.m2/repository/com/aventstack/extentreports/4.0.4/extentreports-4.0.4.jar!/com/aventstack/extentreports/view/v3html/category-view/v3-html-category-view.ftl"
2021-01-28 19:33:53,279 DEBUG [main] cache:45 - Couldn't find template in cache for "v3html/exception-view/v3-html-exception-view.ftl"("en", UTF-8, parsed); will try to load it.
2021-01-28 19:33:53,280 DEBUG [main] cache:45 - TemplateLoader.findTemplateSource("v3html/exception-view/v3-html-exception-view_en.ftl"): Not found
2021-01-28 19:33:53,280 DEBUG [main] cache:45 - TemplateLoader.findTemplateSource("v3html/exception-view/v3-html-exception-view.ftl"): Found
2021-01-28 19:33:53,280 DEBUG [main] cache:45 - Loading template for "v3html/exception-view/v3-html-exception-view.ftl"("en", UTF-8, parsed) from "jar:file:/Users/zuura/.m2/repository/com/aventstack/extentreports/4.0.4/extentreports-4.0.4.jar!/com/aventstack/extentreports/view/v3html/exception-view/v3-html-exception-view.ftl"
2021-01-28 19:33:53,282 DEBUG [main] cache:45 - Couldn't find template in cache for "v3html/author-view/v3-html-author-view.ftl"("en", UTF-8, parsed); will try to load it.
2021-01-28 19:33:53,282 DEBUG [main] cache:45 - TemplateLoader.findTemplateSource("v3html/author-view/v3-html-author-view_en.ftl"): Not found
2021-01-28 19:33:53,282 DEBUG [main] cache:45 - TemplateLoader.findTemplateSource("v3html/author-view/v3-html-author-view.ftl"): Found
2021-01-28 19:33:53,283 DEBUG [main] cache:45 - Loading template for "v3html/author-view/v3-html-author-view.ftl"("en", UTF-8, parsed) from "jar:file:/Users/zuura/.m2/repository/com/aventstack/extentreports/4.0.4/extentreports-4.0.4.jar!/com/aventstack/extentreports/view/v3html/author-view/v3-html-author-view.ftl"
2021-01-28 19:33:53,285 DEBUG [main] cache:45 - Couldn't find template in cache for "v3html/dashboard-view/v3-html-dashboard-view.ftl"("en", UTF-8, parsed); will try to load it.
2021-01-28 19:33:53,286 DEBUG [main] cache:45 - TemplateLoader.findTemplateSource("v3html/dashboard-view/v3-html-dashboard-view_en.ftl"): Not found
2021-01-28 19:33:53,286 DEBUG [main] cache:45 - TemplateLoader.findTemplateSource("v3html/dashboard-view/v3-html-dashboard-view.ftl"): Found
2021-01-28 19:33:53,286 DEBUG [main] cache:45 - Loading template for "v3html/dashboard-view/v3-html-dashboard-view.ftl"("en", UTF-8, parsed) from "jar:file:/Users/zuura/.m2/repository/com/aventstack/extentreports/4.0.4/extentreports-4.0.4.jar!/com/aventstack/extentreports/view/v3html/dashboard-view/v3-html-dashboard-view.ftl"
2021-01-28 19:33:53,292 DEBUG [main] cache:45 - Couldn't find template in cache for "v3html/logs-view/v3-html-testrunner-logs-view.ftl"("en", UTF-8, parsed); will try to load it.
2021-01-28 19:33:53,293 DEBUG [main] cache:45 - TemplateLoader.findTemplateSource("v3html/logs-view/v3-html-testrunner-logs-view_en.ftl"): Not found
2021-01-28 19:33:53,293 DEBUG [main] cache:45 - TemplateLoader.findTemplateSource("v3html/logs-view/v3-html-testrunner-logs-view.ftl"): Found
2021-01-28 19:33:53,293 DEBUG [main] cache:45 - Loading template for "v3html/logs-view/v3-html-testrunner-logs-view.ftl"("en", UTF-8, parsed) from "jar:file:/Users/zuura/.m2/repository/com/aventstack/extentreports/4.0.4/extentreports-4.0.4.jar!/com/aventstack/extentreports/view/v3html/logs-view/v3-html-testrunner-logs-view.ftl"
2021-01-28 19:36:06,408  INFO [main] EmployeeRestAPI:15 - Started Get all employees endpoint
2021-01-28 19:36:09,746  INFO [main] EmployeeRestAPI:30 - Checking response body
2021-01-28 19:36:09,784  INFO [main] EmployeeRestAPI:43 - Checking status code
2021-01-28 19:36:09,785  INFO [main] EmployeeRestAPI:56 - Checking response time
2021-01-28 19:36:09,786  INFO [main] EmployeeRestAPI:69 - Checking status line
2021-01-28 19:36:09,787  INFO [main] EmployeeRestAPI:80 - Checking content type
2021-01-28 19:36:09,787  INFO [main] EmployeeRestAPI:92 - Checking server type
2021-01-28 19:36:09,788  INFO [main] EmployeeRestAPI:116 - Checking content encoding
2021-01-28 19:36:09,789  INFO [main] EmployeeRestAPI:129 - Finished test case Get All Employees endpoint
2021-01-28 19:36:09,791  INFO [main] EmployeeRestAPI:17 - Started Get single employee endpoint
2021-01-28 19:36:12,611  INFO [main] EmployeeRestAPI:32 - Checking response body
2021-01-28 19:36:13,130  INFO [main] EmployeeRestAPI:53 - Checking status code
2021-01-28 19:36:13,132  INFO [main] EmployeeRestAPI:66 - Checking response time
2021-01-28 19:36:13,133  INFO [main] EmployeeRestAPI:79 - Checking status line
2021-01-28 19:36:13,134  INFO [main] EmployeeRestAPI:90 - Checking content type
2021-01-28 19:36:13,135  INFO [main] EmployeeRestAPI:102 - Checking server type
2021-01-28 19:36:13,137  INFO [main] EmployeeRestAPI:127 - Finished test case Get All Employees endpoint
2021-01-28 19:36:13,139  INFO [main] EmployeeRestAPI:23 - Started Creating new employee
2021-01-28 19:36:16,026  INFO [main] EmployeeRestAPI:48 - Checking response body
2021-01-28 19:36:16,105  INFO [main] EmployeeRestAPI:63 - Checking status code
2021-01-28 19:36:16,106  INFO [main] EmployeeRestAPI:76 - Checking response time
2021-01-28 19:36:16,108  INFO [main] EmployeeRestAPI:89 - Checking status line
2021-01-28 19:36:16,109  INFO [main] EmployeeRestAPI:100 - Checking content type
2021-01-28 19:36:16,112  INFO [main] EmployeeRestAPI:112 - Checking server type
2021-01-28 19:36:16,117  INFO [main] EmployeeRestAPI:136 - Finished test case Get All Employees endpoint
2021-01-28 19:36:16,122  INFO [main] EmployeeRestAPI:22 - Started Updating single employee endpoint
2021-01-28 19:36:19,154  INFO [main] EmployeeRestAPI:46 - Checking response body
2021-01-28 19:36:19,181  INFO [main] EmployeeRestAPI:61 - Checking status code
2021-01-28 19:36:19,182  INFO [main] EmployeeRestAPI:74 - Checking response time
2021-01-28 19:36:19,183  INFO [main] EmployeeRestAPI:87 - Checking status line
2021-01-28 19:36:19,184  INFO [main] EmployeeRestAPI:98 - Checking content type
2021-01-28 19:36:19,184  INFO [main] EmployeeRestAPI:110 - Checking server type
2021-01-28 19:36:19,185  INFO [main] EmployeeRestAPI:134 - Finished test case Get All Employees endpoint
2021-01-28 19:36:19,186  INFO [main] EmployeeRestAPI:47 - Checking status code
2021-01-28 19:36:19,187  INFO [main] EmployeeRestAPI:60 - Checking response time
2021-01-28 19:36:19,188  INFO [main] EmployeeRestAPI:73 - Checking status line
2021-01-28 19:36:19,189  INFO [main] EmployeeRestAPI:84 - Checking content type
2021-01-28 19:36:19,190  INFO [main] EmployeeRestAPI:96 - Checking server type
2021-01-28 19:36:19,190  INFO [main] EmployeeRestAPI:109 - Finished test case Get All Employees endpoint
2021-01-28 19:36:19,261 DEBUG [main] cache:45 - Couldn't find template in cache for "v3html/v3-html-index.ftl"("en", UTF-8, parsed); will try to load it.
2021-01-28 19:36:19,262 DEBUG [main] cache:45 - TemplateLoader.findTemplateSource("v3html/v3-html-index_en.ftl"): Not found
2021-01-28 19:36:19,264 DEBUG [main] cache:45 - TemplateLoader.findTemplateSource("v3html/v3-html-index.ftl"): Found
2021-01-28 19:36:19,264 DEBUG [main] cache:45 - Loading template for "v3html/v3-html-index.ftl"("en", UTF-8, parsed) from "jar:file:/Users/zuura/.m2/repository/com/aventstack/extentreports/4.0.4/extentreports-4.0.4.jar!/com/aventstack/extentreports/view/v3html/v3-html-index.ftl"
2021-01-28 19:36:19,447 DEBUG [main] cache:45 - Couldn't find template in cache for "v3html/v3-html-head.ftl"("en", UTF-8, parsed); will try to load it.
2021-01-28 19:36:19,447 DEBUG [main] cache:45 - TemplateLoader.findTemplateSource("v3html/v3-html-head_en.ftl"): Not found
2021-01-28 19:36:19,448 DEBUG [main] cache:45 - TemplateLoader.findTemplateSource("v3html/v3-html-head.ftl"): Found
2021-01-28 19:36:19,448 DEBUG [main] cache:45 - Loading template for "v3html/v3-html-head.ftl"("en", UTF-8, parsed) from "jar:file:/Users/zuura/.m2/repository/com/aventstack/extentreports/4.0.4/extentreports-4.0.4.jar!/com/aventstack/extentreports/view/v3html/v3-html-head.ftl"
2021-01-28 19:36:19,451 DEBUG [main] cache:45 - Couldn't find template in cache for "v3html/v3-html-nav.ftl"("en", UTF-8, parsed); will try to load it.
2021-01-28 19:36:19,451 DEBUG [main] cache:45 - TemplateLoader.findTemplateSource("v3html/v3-html-nav_en.ftl"): Not found
2021-01-28 19:36:19,451 DEBUG [main] cache:45 - TemplateLoader.findTemplateSource("v3html/v3-html-nav.ftl"): Found
2021-01-28 19:36:19,452 DEBUG [main] cache:45 - Loading template for "v3html/v3-html-nav.ftl"("en", UTF-8, parsed) from "jar:file:/Users/zuura/.m2/repository/com/aventstack/extentreports/4.0.4/extentreports-4.0.4.jar!/com/aventstack/extentreports/view/v3html/v3-html-nav.ftl"
2021-01-28 19:36:19,457 DEBUG [main] cache:45 - Couldn't find template in cache for "v3html/test-view/v3-html-test-view.ftl"("en", UTF-8, parsed); will try to load it.
2021-01-28 19:36:19,457 DEBUG [main] cache:45 - TemplateLoader.findTemplateSource("v3html/test-view/v3-html-test-view_en.ftl"): Not found
2021-01-28 19:36:19,457 DEBUG [main] cache:45 - TemplateLoader.findTemplateSource("v3html/test-view/v3-html-test-view.ftl"): Found
2021-01-28 19:36:19,458 DEBUG [main] cache:45 - Loading template for "v3html/test-view/v3-html-test-view.ftl"("en", UTF-8, parsed) from "jar:file:/Users/zuura/.m2/repository/com/aventstack/extentreports/4.0.4/extentreports-4.0.4.jar!/com/aventstack/extentreports/view/v3html/test-view/v3-html-test-view.ftl"
2021-01-28 19:36:19,465 DEBUG [main] cache:45 - Couldn't find template in cache for "v3html/test-view/v3-html-test-view-charts.ftl"("en", UTF-8, parsed); will try to load it.
2021-01-28 19:36:19,466 DEBUG [main] cache:45 - TemplateLoader.findTemplateSource("v3html/test-view/v3-html-test-view-charts_en.ftl"): Not found
2021-01-28 19:36:19,466 DEBUG [main] cache:45 - TemplateLoader.findTemplateSource("v3html/test-view/v3-html-test-view-charts.ftl"): Found
2021-01-28 19:36:19,466 DEBUG [main] cache:45 - Loading template for "v3html/test-view/v3-html-test-view-charts.ftl"("en", UTF-8, parsed) from "jar:file:/Users/zuura/.m2/repository/com/aventstack/extentreports/4.0.4/extentreports-4.0.4.jar!/com/aventstack/extentreports/view/v3html/test-view/v3-html-test-view-charts.ftl"
2021-01-28 19:36:19,475 DEBUG [main] cache:45 - Couldn't find template in cache for "v3html/test-view/v3-html-standard.ftl"("en", UTF-8, parsed); will try to load it.
2021-01-28 19:36:19,475 DEBUG [main] cache:45 - TemplateLoader.findTemplateSource("v3html/test-view/v3-html-standard_en.ftl"): Not found
2021-01-28 19:36:19,475 DEBUG [main] cache:45 - TemplateLoader.findTemplateSource("v3html/test-view/v3-html-standard.ftl"): Found
2021-01-28 19:36:19,475 DEBUG [main] cache:45 - Loading template for "v3html/test-view/v3-html-standard.ftl"("en", UTF-8, parsed) from "jar:file:/Users/zuura/.m2/repository/com/aventstack/extentreports/4.0.4/extentreports-4.0.4.jar!/com/aventstack/extentreports/view/v3html/test-view/v3-html-standard.ftl"
2021-01-28 19:36:19,484 DEBUG [main] cache:45 - "v3html/test-view/v3-html-standard.ftl"("en", UTF-8, parsed) cached copy not yet stale; using cached.
2021-01-28 19:36:19,485 DEBUG [main] cache:45 - "v3html/test-view/v3-html-standard.ftl"("en", UTF-8, parsed) cached copy not yet stale; using cached.
2021-01-28 19:36:19,486 DEBUG [main] cache:45 - "v3html/test-view/v3-html-standard.ftl"("en", UTF-8, parsed) cached copy not yet stale; using cached.
2021-01-28 19:36:19,487 DEBUG [main] cache:45 - "v3html/test-view/v3-html-standard.ftl"("en", UTF-8, parsed) cached copy not yet stale; using cached.
2021-01-28 19:36:19,488 DEBUG [main] cache:45 - "v3html/test-view/v3-html-standard.ftl"("en", UTF-8, parsed) cached copy not yet stale; using cached.
2021-01-28 19:36:19,488 DEBUG [main] cache:45 - "v3html/test-view/v3-html-standard.ftl"("en", UTF-8, parsed) cached copy not yet stale; using cached.
2021-01-28 19:36:19,489 DEBUG [main] cache:45 - "v3html/test-view/v3-html-standard.ftl"("en", UTF-8, parsed) cached copy not yet stale; using cached.
2021-01-28 19:36:19,490 DEBUG [main] cache:45 - "v3html/test-view/v3-html-standard.ftl"("en", UTF-8, parsed) cached copy not yet stale; using cached.
2021-01-28 19:36:19,491 DEBUG [main] cache:45 - "v3html/test-view/v3-html-standard.ftl"("en", UTF-8, parsed) cached copy not yet stale; using cached.
2021-01-28 19:36:19,492 DEBUG [main] cache:45 - "v3html/test-view/v3-html-standard.ftl"("en", UTF-8, parsed) cached copy not yet stale; using cached.
2021-01-28 19:36:19,493 DEBUG [main] cache:45 - "v3html/test-view/v3-html-standard.ftl"("en", UTF-8, parsed) cached copy not yet stale; using cached.
2021-01-28 19:36:19,494 DEBUG [main] cache:45 - "v3html/test-view/v3-html-standard.ftl"("en", UTF-8, parsed) cached copy not yet stale; using cached.
2021-01-28 19:36:19,495 DEBUG [main] cache:45 - "v3html/test-view/v3-html-standard.ftl"("en", UTF-8, parsed) cached copy not yet stale; using cached.
2021-01-28 19:36:19,496 DEBUG [main] cache:45 - "v3html/test-view/v3-html-standard.ftl"("en", UTF-8, parsed) cached copy not yet stale; using cached.
2021-01-28 19:36:19,497 DEBUG [main] cache:45 - "v3html/test-view/v3-html-standard.ftl"("en", UTF-8, parsed) cached copy not yet stale; using cached.
2021-01-28 19:36:19,500 DEBUG [main] cache:45 - "v3html/test-view/v3-html-standard.ftl"("en", UTF-8, parsed) cached copy not yet stale; using cached.
2021-01-28 19:36:19,501 DEBUG [main] cache:45 - "v3html/test-view/v3-html-standard.ftl"("en", UTF-8, parsed) cached copy not yet stale; using cached.
2021-01-28 19:36:19,501 DEBUG [main] cache:45 - "v3html/test-view/v3-html-standard.ftl"("en", UTF-8, parsed) cached copy not yet stale; using cached.
2021-01-28 19:36:19,502 DEBUG [main] cache:45 - "v3html/test-view/v3-html-standard.ftl"("en", UTF-8, parsed) cached copy not yet stale; using cached.
2021-01-28 19:36:19,502 DEBUG [main] cache:45 - "v3html/test-view/v3-html-standard.ftl"("en", UTF-8, parsed) cached copy not yet stale; using cached.
2021-01-28 19:36:19,503 DEBUG [main] cache:45 - "v3html/test-view/v3-html-standard.ftl"("en", UTF-8, parsed) cached copy not yet stale; using cached.
2021-01-28 19:36:19,504 DEBUG [main] cache:45 - "v3html/test-view/v3-html-standard.ftl"("en", UTF-8, parsed) cached copy not yet stale; using cached.
2021-01-28 19:36:19,505 DEBUG [main] cache:45 - "v3html/test-view/v3-html-standard.ftl"("en", UTF-8, parsed) cached copy not yet stale; using cached.
2021-01-28 19:36:19,505 DEBUG [main] cache:45 - "v3html/test-view/v3-html-standard.ftl"("en", UTF-8, parsed) cached copy not yet stale; using cached.
2021-01-28 19:36:19,506 DEBUG [main] cache:45 - "v3html/test-view/v3-html-standard.ftl"("en", UTF-8, parsed) cached copy not yet stale; using cached.
2021-01-28 19:36:19,507 DEBUG [main] cache:45 - "v3html/test-view/v3-html-standard.ftl"("en", UTF-8, parsed) cached copy not yet stale; using cached.
2021-01-28 19:36:19,508 DEBUG [main] cache:45 - "v3html/test-view/v3-html-standard.ftl"("en", UTF-8, parsed) cached copy not yet stale; using cached.
2021-01-28 19:36:19,508 DEBUG [main] cache:45 - "v3html/test-view/v3-html-standard.ftl"("en", UTF-8, parsed) cached copy not yet stale; using cached.
2021-01-28 19:36:19,509 DEBUG [main] cache:45 - "v3html/test-view/v3-html-standard.ftl"("en", UTF-8, parsed) cached copy not yet stale; using cached.
2021-01-28 19:36:19,510 DEBUG [main] cache:45 - Couldn't find template in cache for "v3html/category-view/v3-html-category-view.ftl"("en", UTF-8, parsed); will try to load it.
2021-01-28 19:36:19,510 DEBUG [main] cache:45 - TemplateLoader.findTemplateSource("v3html/category-view/v3-html-category-view_en.ftl"): Not found
2021-01-28 19:36:19,511 DEBUG [main] cache:45 - TemplateLoader.findTemplateSource("v3html/category-view/v3-html-category-view.ftl"): Found
2021-01-28 19:36:19,512 DEBUG [main] cache:45 - Loading template for "v3html/category-view/v3-html-category-view.ftl"("en", UTF-8, parsed) from "jar:file:/Users/zuura/.m2/repository/com/aventstack/extentreports/4.0.4/extentreports-4.0.4.jar!/com/aventstack/extentreports/view/v3html/category-view/v3-html-category-view.ftl"
2021-01-28 19:36:19,515 DEBUG [main] cache:45 - Couldn't find template in cache for "v3html/exception-view/v3-html-exception-view.ftl"("en", UTF-8, parsed); will try to load it.
2021-01-28 19:36:19,516 DEBUG [main] cache:45 - TemplateLoader.findTemplateSource("v3html/exception-view/v3-html-exception-view_en.ftl"): Not found
2021-01-28 19:36:19,516 DEBUG [main] cache:45 - TemplateLoader.findTemplateSource("v3html/exception-view/v3-html-exception-view.ftl"): Found
2021-01-28 19:36:19,517 DEBUG [main] cache:45 - Loading template for "v3html/exception-view/v3-html-exception-view.ftl"("en", UTF-8, parsed) from "jar:file:/Users/zuura/.m2/repository/com/aventstack/extentreports/4.0.4/extentreports-4.0.4.jar!/com/aventstack/extentreports/view/v3html/exception-view/v3-html-exception-view.ftl"
2021-01-28 19:36:19,519 DEBUG [main] cache:45 - Couldn't find template in cache for "v3html/author-view/v3-html-author-view.ftl"("en", UTF-8, parsed); will try to load it.
2021-01-28 19:36:19,520 DEBUG [main] cache:45 - TemplateLoader.findTemplateSource("v3html/author-view/v3-html-author-view_en.ftl"): Not found
2021-01-28 19:36:19,520 DEBUG [main] cache:45 - TemplateLoader.findTemplateSource("v3html/author-view/v3-html-author-view.ftl"): Found
2021-01-28 19:36:19,521 DEBUG [main] cache:45 - Loading template for "v3html/author-view/v3-html-author-view.ftl"("en", UTF-8, parsed) from "jar:file:/Users/zuura/.m2/repository/com/aventstack/extentreports/4.0.4/extentreports-4.0.4.jar!/com/aventstack/extentreports/view/v3html/author-view/v3-html-author-view.ftl"
2021-01-28 19:36:19,524 DEBUG [main] cache:45 - Couldn't find template in cache for "v3html/dashboard-view/v3-html-dashboard-view.ftl"("en", UTF-8, parsed); will try to load it.
2021-01-28 19:36:19,524 DEBUG [main] cache:45 - TemplateLoader.findTemplateSource("v3html/dashboard-view/v3-html-dashboard-view_en.ftl"): Not found
2021-01-28 19:36:19,525 DEBUG [main] cache:45 - TemplateLoader.findTemplateSource("v3html/dashboard-view/v3-html-dashboard-view.ftl"): Found
2021-01-28 19:36:19,525 DEBUG [main] cache:45 - Loading template for "v3html/dashboard-view/v3-html-dashboard-view.ftl"("en", UTF-8, parsed) from "jar:file:/Users/zuura/.m2/repository/com/aventstack/extentreports/4.0.4/extentreports-4.0.4.jar!/com/aventstack/extentreports/view/v3html/dashboard-view/v3-html-dashboard-view.ftl"
2021-01-28 19:36:19,529 DEBUG [main] cache:45 - Couldn't find template in cache for "v3html/logs-view/v3-html-testrunner-logs-view.ftl"("en", UTF-8, parsed); will try to load it.
2021-01-28 19:36:19,529 DEBUG [main] cache:45 - TemplateLoader.findTemplateSource("v3html/logs-view/v3-html-testrunner-logs-view_en.ftl"): Not found
2021-01-28 19:36:19,530 DEBUG [main] cache:45 - TemplateLoader.findTemplateSource("v3html/logs-view/v3-html-testrunner-logs-view.ftl"): Found
2021-01-28 19:36:19,530 DEBUG [main] cache:45 - Loading template for "v3html/logs-view/v3-html-testrunner-logs-view.ftl"("en", UTF-8, parsed) from "jar:file:/Users/zuura/.m2/repository/com/aventstack/extentreports/4.0.4/extentreports-4.0.4.jar!/com/aventstack/extentreports/view/v3html/logs-view/v3-html-testrunner-logs-view.ftl"
2021-01-28 19:36:47,364  INFO [main] EmployeeRestAPI:15 - Started Get all employees endpoint
2021-01-28 19:36:50,733  INFO [main] EmployeeRestAPI:30 - Checking response body
2021-01-28 19:36:50,804  INFO [main] EmployeeRestAPI:43 - Checking status code
2021-01-28 19:36:50,805  INFO [main] EmployeeRestAPI:56 - Checking response time
2021-01-28 19:36:50,806  INFO [main] EmployeeRestAPI:69 - Checking status line
2021-01-28 19:36:50,807  INFO [main] EmployeeRestAPI:80 - Checking content type
2021-01-28 19:36:50,808  INFO [main] EmployeeRestAPI:92 - Checking server type
2021-01-28 19:36:50,809  INFO [main] EmployeeRestAPI:116 - Checking content encoding
2021-01-28 19:36:50,810  INFO [main] EmployeeRestAPI:129 - Finished test case Get All Employees endpoint
2021-01-28 19:36:50,813  INFO [main] EmployeeRestAPI:17 - Started Get single employee endpoint
2021-01-28 19:36:53,870  INFO [main] EmployeeRestAPI:32 - Checking response body
2021-01-28 19:36:53,995  INFO [main] EmployeeRestAPI:53 - Checking status code
2021-01-28 19:36:53,999  INFO [main] EmployeeRestAPI:66 - Checking response time
2021-01-28 19:36:54,002  INFO [main] EmployeeRestAPI:79 - Checking status line
2021-01-28 19:36:54,004  INFO [main] EmployeeRestAPI:90 - Checking content type
2021-01-28 19:36:54,005  INFO [main] EmployeeRestAPI:102 - Checking server type
2021-01-28 19:36:54,007  INFO [main] EmployeeRestAPI:127 - Finished test case Get All Employees endpoint
2021-01-28 19:36:54,012  INFO [main] EmployeeRestAPI:23 - Started Creating new employee
2021-01-28 19:36:56,884  INFO [main] EmployeeRestAPI:48 - Checking response body
2021-01-28 19:36:56,920  INFO [main] EmployeeRestAPI:63 - Checking status code
2021-01-28 19:36:56,921  INFO [main] EmployeeRestAPI:76 - Checking response time
2021-01-28 19:36:56,922  INFO [main] EmployeeRestAPI:89 - Checking status line
2021-01-28 19:36:56,926  INFO [main] EmployeeRestAPI:100 - Checking content type
2021-01-28 19:36:56,927  INFO [main] EmployeeRestAPI:112 - Checking server type
2021-01-28 19:36:56,928  INFO [main] EmployeeRestAPI:136 - Finished test case Get All Employees endpoint
2021-01-28 19:36:56,930  INFO [main] EmployeeRestAPI:22 - Started Updating single employee endpoint
2021-01-28 19:36:59,704  INFO [main] EmployeeRestAPI:46 - Checking response body
2021-01-28 19:37:00,076  INFO [main] EmployeeRestAPI:61 - Checking status code
2021-01-28 19:37:00,076  INFO [main] EmployeeRestAPI:74 - Checking response time
2021-01-28 19:37:00,077  INFO [main] EmployeeRestAPI:87 - Checking status line
2021-01-28 19:37:00,078  INFO [main] EmployeeRestAPI:98 - Checking content type
2021-01-28 19:37:00,079  INFO [main] EmployeeRestAPI:110 - Checking server type
2021-01-28 19:37:00,079  INFO [main] EmployeeRestAPI:134 - Finished test case Get All Employees endpoint
2021-01-28 19:37:00,081  INFO [main] EmployeeRestAPI:47 - Checking status code
2021-01-28 19:37:00,082  INFO [main] EmployeeRestAPI:60 - Checking response time
2021-01-28 19:37:00,082  INFO [main] EmployeeRestAPI:73 - Checking status line
2021-01-28 19:37:00,083  INFO [main] EmployeeRestAPI:84 - Checking content type
2021-01-28 19:37:00,084  INFO [main] EmployeeRestAPI:96 - Checking server type
2021-01-28 19:37:00,084  INFO [main] EmployeeRestAPI:109 - Finished test case Get All Employees endpoint
2021-01-28 19:37:00,140 DEBUG [main] cache:45 - Couldn't find template in cache for "v3html/v3-html-index.ftl"("en", UTF-8, parsed); will try to load it.
2021-01-28 19:37:00,141 DEBUG [main] cache:45 - TemplateLoader.findTemplateSource("v3html/v3-html-index_en.ftl"): Not found
2021-01-28 19:37:00,143 DEBUG [main] cache:45 - TemplateLoader.findTemplateSource("v3html/v3-html-index.ftl"): Found
2021-01-28 19:37:00,143 DEBUG [main] cache:45 - Loading template for "v3html/v3-html-index.ftl"("en", UTF-8, parsed) from "jar:file:/Users/zuura/.m2/repository/com/aventstack/extentreports/4.0.4/extentreports-4.0.4.jar!/com/aventstack/extentreports/view/v3html/v3-html-index.ftl"
2021-01-28 19:37:00,276 DEBUG [main] cache:45 - Couldn't find template in cache for "v3html/v3-html-head.ftl"("en", UTF-8, parsed); will try to load it.
2021-01-28 19:37:00,277 DEBUG [main] cache:45 - TemplateLoader.findTemplateSource("v3html/v3-html-head_en.ftl"): Not found
2021-01-28 19:37:00,278 DEBUG [main] cache:45 - TemplateLoader.findTemplateSource("v3html/v3-html-head.ftl"): Found
2021-01-28 19:37:00,278 DEBUG [main] cache:45 - Loading template for "v3html/v3-html-head.ftl"("en", UTF-8, parsed) from "jar:file:/Users/zuura/.m2/repository/com/aventstack/extentreports/4.0.4/extentreports-4.0.4.jar!/com/aventstack/extentreports/view/v3html/v3-html-head.ftl"
2021-01-28 19:37:00,280 DEBUG [main] cache:45 - Couldn't find template in cache for "v3html/v3-html-nav.ftl"("en", UTF-8, parsed); will try to load it.
2021-01-28 19:37:00,281 DEBUG [main] cache:45 - TemplateLoader.findTemplateSource("v3html/v3-html-nav_en.ftl"): Not found
2021-01-28 19:37:00,281 DEBUG [main] cache:45 - TemplateLoader.findTemplateSource("v3html/v3-html-nav.ftl"): Found
2021-01-28 19:37:00,282 DEBUG [main] cache:45 - Loading template for "v3html/v3-html-nav.ftl"("en", UTF-8, parsed) from "jar:file:/Users/zuura/.m2/repository/com/aventstack/extentreports/4.0.4/extentreports-4.0.4.jar!/com/aventstack/extentreports/view/v3html/v3-html-nav.ftl"
2021-01-28 19:37:00,288 DEBUG [main] cache:45 - Couldn't find template in cache for "v3html/test-view/v3-html-test-view.ftl"("en", UTF-8, parsed); will try to load it.
2021-01-28 19:37:00,289 DEBUG [main] cache:45 - TemplateLoader.findTemplateSource("v3html/test-view/v3-html-test-view_en.ftl"): Not found
2021-01-28 19:37:00,289 DEBUG [main] cache:45 - TemplateLoader.findTemplateSource("v3html/test-view/v3-html-test-view.ftl"): Found
2021-01-28 19:37:00,289 DEBUG [main] cache:45 - Loading template for "v3html/test-view/v3-html-test-view.ftl"("en", UTF-8, parsed) from "jar:file:/Users/zuura/.m2/repository/com/aventstack/extentreports/4.0.4/extentreports-4.0.4.jar!/com/aventstack/extentreports/view/v3html/test-view/v3-html-test-view.ftl"
2021-01-28 19:37:00,300 DEBUG [main] cache:45 - Couldn't find template in cache for "v3html/test-view/v3-html-test-view-charts.ftl"("en", UTF-8, parsed); will try to load it.
2021-01-28 19:37:00,300 DEBUG [main] cache:45 - TemplateLoader.findTemplateSource("v3html/test-view/v3-html-test-view-charts_en.ftl"): Not found
2021-01-28 19:37:00,301 DEBUG [main] cache:45 - TemplateLoader.findTemplateSource("v3html/test-view/v3-html-test-view-charts.ftl"): Found
2021-01-28 19:37:00,301 DEBUG [main] cache:45 - Loading template for "v3html/test-view/v3-html-test-view-charts.ftl"("en", UTF-8, parsed) from "jar:file:/Users/zuura/.m2/repository/com/aventstack/extentreports/4.0.4/extentreports-4.0.4.jar!/com/aventstack/extentreports/view/v3html/test-view/v3-html-test-view-charts.ftl"
2021-01-28 19:37:00,312 DEBUG [main] cache:45 - Couldn't find template in cache for "v3html/test-view/v3-html-standard.ftl"("en", UTF-8, parsed); will try to load it.
2021-01-28 19:37:00,313 DEBUG [main] cache:45 - TemplateLoader.findTemplateSource("v3html/test-view/v3-html-standard_en.ftl"): Not found
2021-01-28 19:37:00,313 DEBUG [main] cache:45 - TemplateLoader.findTemplateSource("v3html/test-view/v3-html-standard.ftl"): Found
2021-01-28 19:37:00,313 DEBUG [main] cache:45 - Loading template for "v3html/test-view/v3-html-standard.ftl"("en", UTF-8, parsed) from "jar:file:/Users/zuura/.m2/repository/com/aventstack/extentreports/4.0.4/extentreports-4.0.4.jar!/com/aventstack/extentreports/view/v3html/test-view/v3-html-standard.ftl"
2021-01-28 19:37:00,325 DEBUG [main] cache:45 - "v3html/test-view/v3-html-standard.ftl"("en", UTF-8, parsed) cached copy not yet stale; using cached.
2021-01-28 19:37:00,327 DEBUG [main] cache:45 - "v3html/test-view/v3-html-standard.ftl"("en", UTF-8, parsed) cached copy not yet stale; using cached.
2021-01-28 19:37:00,328 DEBUG [main] cache:45 - "v3html/test-view/v3-html-standard.ftl"("en", UTF-8, parsed) cached copy not yet stale; using cached.
2021-01-28 19:37:00,329 DEBUG [main] cache:45 - "v3html/test-view/v3-html-standard.ftl"("en", UTF-8, parsed) cached copy not yet stale; using cached.
2021-01-28 19:37:00,331 DEBUG [main] cache:45 - "v3html/test-view/v3-html-standard.ftl"("en", UTF-8, parsed) cached copy not yet stale; using cached.
2021-01-28 19:37:00,332 DEBUG [main] cache:45 - "v3html/test-view/v3-html-standard.ftl"("en", UTF-8, parsed) cached copy not yet stale; using cached.
2021-01-28 19:37:00,333 DEBUG [main] cache:45 - "v3html/test-view/v3-html-standard.ftl"("en", UTF-8, parsed) cached copy not yet stale; using cached.
2021-01-28 19:37:00,335 DEBUG [main] cache:45 - "v3html/test-view/v3-html-standard.ftl"("en", UTF-8, parsed) cached copy not yet stale; using cached.
2021-01-28 19:37:00,337 DEBUG [main] cache:45 - "v3html/test-view/v3-html-standard.ftl"("en", UTF-8, parsed) cached copy not yet stale; using cached.
2021-01-28 19:37:00,337 DEBUG [main] cache:45 - "v3html/test-view/v3-html-standard.ftl"("en", UTF-8, parsed) cached copy not yet stale; using cached.
2021-01-28 19:37:00,338 DEBUG [main] cache:45 - "v3html/test-view/v3-html-standard.ftl"("en", UTF-8, parsed) cached copy not yet stale; using cached.
2021-01-28 19:37:00,340 DEBUG [main] cache:45 - "v3html/test-view/v3-html-standard.ftl"("en", UTF-8, parsed) cached copy not yet stale; using cached.
2021-01-28 19:37:00,342 DEBUG [main] cache:45 - "v3html/test-view/v3-html-standard.ftl"("en", UTF-8, parsed) cached copy not yet stale; using cached.
2021-01-28 19:37:00,343 DEBUG [main] cache:45 - "v3html/test-view/v3-html-standard.ftl"("en", UTF-8, parsed) cached copy not yet stale; using cached.
2021-01-28 19:37:00,345 DEBUG [main] cache:45 - "v3html/test-view/v3-html-standard.ftl"("en", UTF-8, parsed) cached copy not yet stale; using cached.
2021-01-28 19:37:00,347 DEBUG [main] cache:45 - "v3html/test-view/v3-html-standard.ftl"("en", UTF-8, parsed) cached copy not yet stale; using cached.
2021-01-28 19:37:00,348 DEBUG [main] cache:45 - "v3html/test-view/v3-html-standard.ftl"("en", UTF-8, parsed) cached copy not yet stale; using cached.
2021-01-28 19:37:00,349 DEBUG [main] cache:45 - "v3html/test-view/v3-html-standard.ftl"("en", UTF-8, parsed) cached copy not yet stale; using cached.
2021-01-28 19:37:00,349 DEBUG [main] cache:45 - "v3html/test-view/v3-html-standard.ftl"("en", UTF-8, parsed) cached copy not yet stale; using cached.
2021-01-28 19:37:00,350 DEBUG [main] cache:45 - "v3html/test-view/v3-html-standard.ftl"("en", UTF-8, parsed) cached copy not yet stale; using cached.
2021-01-28 19:37:00,352 DEBUG [main] cache:45 - "v3html/test-view/v3-html-standard.ftl"("en", UTF-8, parsed) cached copy not yet stale; using cached.
2021-01-28 19:37:00,352 DEBUG [main] cache:45 - "v3html/test-view/v3-html-standard.ftl"("en", UTF-8, parsed) cached copy not yet stale; using cached.
2021-01-28 19:37:00,353 DEBUG [main] cache:45 - "v3html/test-view/v3-html-standard.ftl"("en", UTF-8, parsed) cached copy not yet stale; using cached.
2021-01-28 19:37:00,354 DEBUG [main] cache:45 - "v3html/test-view/v3-html-standard.ftl"("en", UTF-8, parsed) cached copy not yet stale; using cached.
2021-01-28 19:37:00,355 DEBUG [main] cache:45 - "v3html/test-view/v3-html-standard.ftl"("en", UTF-8, parsed) cached copy not yet stale; using cached.
2021-01-28 19:37:00,356 DEBUG [main] cache:45 - "v3html/test-view/v3-html-standard.ftl"("en", UTF-8, parsed) cached copy not yet stale; using cached.
2021-01-28 19:37:00,356 DEBUG [main] cache:45 - "v3html/test-view/v3-html-standard.ftl"("en", UTF-8, parsed) cached copy not yet stale; using cached.
2021-01-28 19:37:00,357 DEBUG [main] cache:45 - "v3html/test-view/v3-html-standard.ftl"("en", UTF-8, parsed) cached copy not yet stale; using cached.
2021-01-28 19:37:00,358 DEBUG [main] cache:45 - "v3html/test-view/v3-html-standard.ftl"("en", UTF-8, parsed) cached copy not yet stale; using cached.
2021-01-28 19:37:00,359 DEBUG [main] cache:45 - Couldn't find template in cache for "v3html/category-view/v3-html-category-view.ftl"("en", UTF-8, parsed); will try to load it.
2021-01-28 19:37:00,359 DEBUG [main] cache:45 - TemplateLoader.findTemplateSource("v3html/category-view/v3-html-category-view_en.ftl"): Not found
2021-01-28 19:37:00,360 DEBUG [main] cache:45 - TemplateLoader.findTemplateSource("v3html/category-view/v3-html-category-view.ftl"): Found
2021-01-28 19:37:00,360 DEBUG [main] cache:45 - Loading template for "v3html/category-view/v3-html-category-view.ftl"("en", UTF-8, parsed) from "jar:file:/Users/zuura/.m2/repository/com/aventstack/extentreports/4.0.4/extentreports-4.0.4.jar!/com/aventstack/extentreports/view/v3html/category-view/v3-html-category-view.ftl"
2021-01-28 19:37:00,364 DEBUG [main] cache:45 - Couldn't find template in cache for "v3html/exception-view/v3-html-exception-view.ftl"("en", UTF-8, parsed); will try to load it.
2021-01-28 19:37:00,364 DEBUG [main] cache:45 - TemplateLoader.findTemplateSource("v3html/exception-view/v3-html-exception-view_en.ftl"): Not found
2021-01-28 19:37:00,365 DEBUG [main] cache:45 - TemplateLoader.findTemplateSource("v3html/exception-view/v3-html-exception-view.ftl"): Found
2021-01-28 19:37:00,365 DEBUG [main] cache:45 - Loading template for "v3html/exception-view/v3-html-exception-view.ftl"("en", UTF-8, parsed) from "jar:file:/Users/zuura/.m2/repository/com/aventstack/extentreports/4.0.4/extentreports-4.0.4.jar!/com/aventstack/extentreports/view/v3html/exception-view/v3-html-exception-view.ftl"
2021-01-28 19:37:00,368 DEBUG [main] cache:45 - Couldn't find template in cache for "v3html/author-view/v3-html-author-view.ftl"("en", UTF-8, parsed); will try to load it.
2021-01-28 19:37:00,368 DEBUG [main] cache:45 - TemplateLoader.findTemplateSource("v3html/author-view/v3-html-author-view_en.ftl"): Not found
2021-01-28 19:37:00,369 DEBUG [main] cache:45 - TemplateLoader.findTemplateSource("v3html/author-view/v3-html-author-view.ftl"): Found
2021-01-28 19:37:00,369 DEBUG [main] cache:45 - Loading template for "v3html/author-view/v3-html-author-view.ftl"("en", UTF-8, parsed) from "jar:file:/Users/zuura/.m2/repository/com/aventstack/extentreports/4.0.4/extentreports-4.0.4.jar!/com/aventstack/extentreports/view/v3html/author-view/v3-html-author-view.ftl"
2021-01-28 19:37:00,371 DEBUG [main] cache:45 - Couldn't find template in cache for "v3html/dashboard-view/v3-html-dashboard-view.ftl"("en", UTF-8, parsed); will try to load it.
2021-01-28 19:37:00,372 DEBUG [main] cache:45 - TemplateLoader.findTemplateSource("v3html/dashboard-view/v3-html-dashboard-view_en.ftl"): Not found
2021-01-28 19:37:00,372 DEBUG [main] cache:45 - TemplateLoader.findTemplateSource("v3html/dashboard-view/v3-html-dashboard-view.ftl"): Found
2021-01-28 19:37:00,372 DEBUG [main] cache:45 - Loading template for "v3html/dashboard-view/v3-html-dashboard-view.ftl"("en", UTF-8, parsed) from "jar:file:/Users/zuura/.m2/repository/com/aventstack/extentreports/4.0.4/extentreports-4.0.4.jar!/com/aventstack/extentreports/view/v3html/dashboard-view/v3-html-dashboard-view.ftl"
2021-01-28 19:37:00,378 DEBUG [main] cache:45 - Couldn't find template in cache for "v3html/logs-view/v3-html-testrunner-logs-view.ftl"("en", UTF-8, parsed); will try to load it.
2021-01-28 19:37:00,378 DEBUG [main] cache:45 - TemplateLoader.findTemplateSource("v3html/logs-view/v3-html-testrunner-logs-view_en.ftl"): Not found
2021-01-28 19:37:00,379 DEBUG [main] cache:45 - TemplateLoader.findTemplateSource("v3html/logs-view/v3-html-testrunner-logs-view.ftl"): Found
2021-01-28 19:37:00,379 DEBUG [main] cache:45 - Loading template for "v3html/logs-view/v3-html-testrunner-logs-view.ftl"("en", UTF-8, parsed) from "jar:file:/Users/zuura/.m2/repository/com/aventstack/extentreports/4.0.4/extentreports-4.0.4.jar!/com/aventstack/extentreports/view/v3html/logs-view/v3-html-testrunner-logs-view.ftl"
2021-01-28 19:39:45,974  INFO [main] EmployeeRestAPI:15 - Started Get all employees endpoint
2021-01-28 19:39:50,690  INFO [main] EmployeeRestAPI:30 - Checking response body
2021-01-28 19:39:50,729  INFO [main] EmployeeRestAPI:43 - Checking status code
2021-01-28 19:39:50,730  INFO [main] EmployeeRestAPI:56 - Checking response time
2021-01-28 19:39:50,731  INFO [main] EmployeeRestAPI:69 - Checking status line
2021-01-28 19:39:50,732  INFO [main] EmployeeRestAPI:80 - Checking content type
2021-01-28 19:39:50,733  INFO [main] EmployeeRestAPI:92 - Checking server type
2021-01-28 19:39:50,735  INFO [main] EmployeeRestAPI:116 - Checking content encoding
2021-01-28 19:39:50,736  INFO [main] EmployeeRestAPI:129 - Finished test case Get All Employees endpoint
2021-01-28 19:39:50,740  INFO [main] EmployeeRestAPI:17 - Started Get single employee endpoint
2021-01-28 19:39:53,673  INFO [main] EmployeeRestAPI:32 - Checking response body
2021-01-28 19:39:54,180  INFO [main] EmployeeRestAPI:53 - Checking status code
2021-01-28 19:39:54,181  INFO [main] EmployeeRestAPI:66 - Checking response time
2021-01-28 19:39:54,182  INFO [main] EmployeeRestAPI:79 - Checking status line
2021-01-28 19:39:54,183  INFO [main] EmployeeRestAPI:90 - Checking content type
2021-01-28 19:39:54,184  INFO [main] EmployeeRestAPI:102 - Checking server type
2021-01-28 19:39:54,185  INFO [main] EmployeeRestAPI:127 - Finished test case Get All Employees endpoint
2021-01-28 19:39:54,188  INFO [main] EmployeeRestAPI:23 - Started Creating new employee
2021-01-28 19:39:57,590  INFO [main] EmployeeRestAPI:48 - Checking response body
2021-01-28 19:39:57,622  INFO [main] EmployeeRestAPI:63 - Checking status code
2021-01-28 19:39:57,624  INFO [main] EmployeeRestAPI:76 - Checking response time
2021-01-28 19:39:57,627  INFO [main] EmployeeRestAPI:89 - Checking status line
2021-01-28 19:39:57,629  INFO [main] EmployeeRestAPI:100 - Checking content type
2021-01-28 19:39:57,633  INFO [main] EmployeeRestAPI:112 - Checking server type
2021-01-28 19:39:57,635  INFO [main] EmployeeRestAPI:136 - Finished test case Get All Employees endpoint
2021-01-28 19:39:57,641  INFO [main] EmployeeRestAPI:22 - Started Updating single employee endpoint
2021-01-28 19:40:01,058  INFO [main] EmployeeRestAPI:46 - Checking response body
2021-01-28 19:40:01,085  INFO [main] EmployeeRestAPI:61 - Checking status code
2021-01-28 19:40:01,086  INFO [main] EmployeeRestAPI:74 - Checking response time
2021-01-28 19:40:01,088  INFO [main] EmployeeRestAPI:87 - Checking status line
2021-01-28 19:40:01,089  INFO [main] EmployeeRestAPI:98 - Checking content type
2021-01-28 19:40:01,092  INFO [main] EmployeeRestAPI:110 - Checking server type
2021-01-28 19:40:01,093  INFO [main] EmployeeRestAPI:134 - Finished test case Get All Employees endpoint
2021-01-28 19:40:01,097  INFO [main] EmployeeRestAPI:47 - Checking status code
2021-01-28 19:40:01,098  INFO [main] EmployeeRestAPI:60 - Checking response time
2021-01-28 19:40:01,099  INFO [main] EmployeeRestAPI:73 - Checking status line
2021-01-28 19:40:01,099  INFO [main] EmployeeRestAPI:84 - Checking content type
2021-01-28 19:40:01,100  INFO [main] EmployeeRestAPI:96 - Checking server type
2021-01-28 19:40:01,100  INFO [main] EmployeeRestAPI:109 - Finished test case Get All Employees endpoint
2021-01-28 19:40:01,136 DEBUG [main] cache:45 - Couldn't find template in cache for "v3html/v3-html-index.ftl"("en", UTF-8, parsed); will try to load it.
2021-01-28 19:40:01,138 DEBUG [main] cache:45 - TemplateLoader.findTemplateSource("v3html/v3-html-index_en.ftl"): Not found
2021-01-28 19:40:01,141 DEBUG [main] cache:45 - TemplateLoader.findTemplateSource("v3html/v3-html-index.ftl"): Found
2021-01-28 19:40:01,142 DEBUG [main] cache:45 - Loading template for "v3html/v3-html-index.ftl"("en", UTF-8, parsed) from "jar:file:/Users/zuura/.m2/repository/com/aventstack/extentreports/4.0.4/extentreports-4.0.4.jar!/com/aventstack/extentreports/view/v3html/v3-html-index.ftl"
2021-01-28 19:40:01,345 DEBUG [main] cache:45 - Couldn't find template in cache for "v3html/v3-html-head.ftl"("en", UTF-8, parsed); will try to load it.
2021-01-28 19:40:01,346 DEBUG [main] cache:45 - TemplateLoader.findTemplateSource("v3html/v3-html-head_en.ftl"): Not found
2021-01-28 19:40:01,346 DEBUG [main] cache:45 - TemplateLoader.findTemplateSource("v3html/v3-html-head.ftl"): Found
2021-01-28 19:40:01,346 DEBUG [main] cache:45 - Loading template for "v3html/v3-html-head.ftl"("en", UTF-8, parsed) from "jar:file:/Users/zuura/.m2/repository/com/aventstack/extentreports/4.0.4/extentreports-4.0.4.jar!/com/aventstack/extentreports/view/v3html/v3-html-head.ftl"
2021-01-28 19:40:01,349 DEBUG [main] cache:45 - Couldn't find template in cache for "v3html/v3-html-nav.ftl"("en", UTF-8, parsed); will try to load it.
2021-01-28 19:40:01,349 DEBUG [main] cache:45 - TemplateLoader.findTemplateSource("v3html/v3-html-nav_en.ftl"): Not found
2021-01-28 19:40:01,349 DEBUG [main] cache:45 - TemplateLoader.findTemplateSource("v3html/v3-html-nav.ftl"): Found
2021-01-28 19:40:01,349 DEBUG [main] cache:45 - Loading template for "v3html/v3-html-nav.ftl"("en", UTF-8, parsed) from "jar:file:/Users/zuura/.m2/repository/com/aventstack/extentreports/4.0.4/extentreports-4.0.4.jar!/com/aventstack/extentreports/view/v3html/v3-html-nav.ftl"
2021-01-28 19:40:01,354 DEBUG [main] cache:45 - Couldn't find template in cache for "v3html/test-view/v3-html-test-view.ftl"("en", UTF-8, parsed); will try to load it.
2021-01-28 19:40:01,354 DEBUG [main] cache:45 - TemplateLoader.findTemplateSource("v3html/test-view/v3-html-test-view_en.ftl"): Not found
2021-01-28 19:40:01,355 DEBUG [main] cache:45 - TemplateLoader.findTemplateSource("v3html/test-view/v3-html-test-view.ftl"): Found
2021-01-28 19:40:01,355 DEBUG [main] cache:45 - Loading template for "v3html/test-view/v3-html-test-view.ftl"("en", UTF-8, parsed) from "jar:file:/Users/zuura/.m2/repository/com/aventstack/extentreports/4.0.4/extentreports-4.0.4.jar!/com/aventstack/extentreports/view/v3html/test-view/v3-html-test-view.ftl"
2021-01-28 19:40:01,361 DEBUG [main] cache:45 - Couldn't find template in cache for "v3html/test-view/v3-html-test-view-charts.ftl"("en", UTF-8, parsed); will try to load it.
2021-01-28 19:40:01,362 DEBUG [main] cache:45 - TemplateLoader.findTemplateSource("v3html/test-view/v3-html-test-view-charts_en.ftl"): Not found
2021-01-28 19:40:01,362 DEBUG [main] cache:45 - TemplateLoader.findTemplateSource("v3html/test-view/v3-html-test-view-charts.ftl"): Found
2021-01-28 19:40:01,362 DEBUG [main] cache:45 - Loading template for "v3html/test-view/v3-html-test-view-charts.ftl"("en", UTF-8, parsed) from "jar:file:/Users/zuura/.m2/repository/com/aventstack/extentreports/4.0.4/extentreports-4.0.4.jar!/com/aventstack/extentreports/view/v3html/test-view/v3-html-test-view-charts.ftl"
2021-01-28 19:40:01,370 DEBUG [main] cache:45 - Couldn't find template in cache for "v3html/test-view/v3-html-standard.ftl"("en", UTF-8, parsed); will try to load it.
2021-01-28 19:40:01,370 DEBUG [main] cache:45 - TemplateLoader.findTemplateSource("v3html/test-view/v3-html-standard_en.ftl"): Not found
2021-01-28 19:40:01,371 DEBUG [main] cache:45 - TemplateLoader.findTemplateSource("v3html/test-view/v3-html-standard.ftl"): Found
2021-01-28 19:40:01,371 DEBUG [main] cache:45 - Loading template for "v3html/test-view/v3-html-standard.ftl"("en", UTF-8, parsed) from "jar:file:/Users/zuura/.m2/repository/com/aventstack/extentreports/4.0.4/extentreports-4.0.4.jar!/com/aventstack/extentreports/view/v3html/test-view/v3-html-standard.ftl"
2021-01-28 19:40:01,379 DEBUG [main] cache:45 - "v3html/test-view/v3-html-standard.ftl"("en", UTF-8, parsed) cached copy not yet stale; using cached.
2021-01-28 19:40:01,380 DEBUG [main] cache:45 - "v3html/test-view/v3-html-standard.ftl"("en", UTF-8, parsed) cached copy not yet stale; using cached.
2021-01-28 19:40:01,381 DEBUG [main] cache:45 - "v3html/test-view/v3-html-standard.ftl"("en", UTF-8, parsed) cached copy not yet stale; using cached.
2021-01-28 19:40:01,383 DEBUG [main] cache:45 - "v3html/test-view/v3-html-standard.ftl"("en", UTF-8, parsed) cached copy not yet stale; using cached.
2021-01-28 19:40:01,384 DEBUG [main] cache:45 - "v3html/test-view/v3-html-standard.ftl"("en", UTF-8, parsed) cached copy not yet stale; using cached.
2021-01-28 19:40:01,385 DEBUG [main] cache:45 - "v3html/test-view/v3-html-standard.ftl"("en", UTF-8, parsed) cached copy not yet stale; using cached.
2021-01-28 19:40:01,385 DEBUG [main] cache:45 - "v3html/test-view/v3-html-standard.ftl"("en", UTF-8, parsed) cached copy not yet stale; using cached.
2021-01-28 19:40:01,387 DEBUG [main] cache:45 - "v3html/test-view/v3-html-standard.ftl"("en", UTF-8, parsed) cached copy not yet stale; using cached.
2021-01-28 19:40:01,387 DEBUG [main] cache:45 - "v3html/test-view/v3-html-standard.ftl"("en", UTF-8, parsed) cached copy not yet stale; using cached.
2021-01-28 19:40:01,388 DEBUG [main] cache:45 - "v3html/test-view/v3-html-standard.ftl"("en", UTF-8, parsed) cached copy not yet stale; using cached.
2021-01-28 19:40:01,388 DEBUG [main] cache:45 - "v3html/test-view/v3-html-standard.ftl"("en", UTF-8, parsed) cached copy not yet stale; using cached.
2021-01-28 19:40:01,389 DEBUG [main] cache:45 - "v3html/test-view/v3-html-standard.ftl"("en", UTF-8, parsed) cached copy not yet stale; using cached.
2021-01-28 19:40:01,390 DEBUG [main] cache:45 - "v3html/test-view/v3-html-standard.ftl"("en", UTF-8, parsed) cached copy not yet stale; using cached.
2021-01-28 19:40:01,391 DEBUG [main] cache:45 - "v3html/test-view/v3-html-standard.ftl"("en", UTF-8, parsed) cached copy not yet stale; using cached.
2021-01-28 19:40:01,392 DEBUG [main] cache:45 - "v3html/test-view/v3-html-standard.ftl"("en", UTF-8, parsed) cached copy not yet stale; using cached.
2021-01-28 19:40:01,394 DEBUG [main] cache:45 - "v3html/test-view/v3-html-standard.ftl"("en", UTF-8, parsed) cached copy not yet stale; using cached.
2021-01-28 19:40:01,395 DEBUG [main] cache:45 - "v3html/test-view/v3-html-standard.ftl"("en", UTF-8, parsed) cached copy not yet stale; using cached.
2021-01-28 19:40:01,396 DEBUG [main] cache:45 - "v3html/test-view/v3-html-standard.ftl"("en", UTF-8, parsed) cached copy not yet stale; using cached.
2021-01-28 19:40:01,396 DEBUG [main] cache:45 - "v3html/test-view/v3-html-standard.ftl"("en", UTF-8, parsed) cached copy not yet stale; using cached.
2021-01-28 19:40:01,397 DEBUG [main] cache:45 - "v3html/test-view/v3-html-standard.ftl"("en", UTF-8, parsed) cached copy not yet stale; using cached.
2021-01-28 19:40:01,398 DEBUG [main] cache:45 - "v3html/test-view/v3-html-standard.ftl"("en", UTF-8, parsed) cached copy not yet stale; using cached.
2021-01-28 19:40:01,399 DEBUG [main] cache:45 - "v3html/test-view/v3-html-standard.ftl"("en", UTF-8, parsed) cached copy not yet stale; using cached.
2021-01-28 19:40:01,399 DEBUG [main] cache:45 - "v3html/test-view/v3-html-standard.ftl"("en", UTF-8, parsed) cached copy not yet stale; using cached.
2021-01-28 19:40:01,400 DEBUG [main] cache:45 - "v3html/test-view/v3-html-standard.ftl"("en", UTF-8, parsed) cached copy not yet stale; using cached.
2021-01-28 19:40:01,401 DEBUG [main] cache:45 - "v3html/test-view/v3-html-standard.ftl"("en", UTF-8, parsed) cached copy not yet stale; using cached.
2021-01-28 19:40:01,401 DEBUG [main] cache:45 - "v3html/test-view/v3-html-standard.ftl"("en", UTF-8, parsed) cached copy not yet stale; using cached.
2021-01-28 19:40:01,402 DEBUG [main] cache:45 - "v3html/test-view/v3-html-standard.ftl"("en", UTF-8, parsed) cached copy not yet stale; using cached.
2021-01-28 19:40:01,402 DEBUG [main] cache:45 - "v3html/test-view/v3-html-standard.ftl"("en", UTF-8, parsed) cached copy not yet stale; using cached.
2021-01-28 19:40:01,403 DEBUG [main] cache:45 - "v3html/test-view/v3-html-standard.ftl"("en", UTF-8, parsed) cached copy not yet stale; using cached.
2021-01-28 19:40:01,403 DEBUG [main] cache:45 - Couldn't find template in cache for "v3html/category-view/v3-html-category-view.ftl"("en", UTF-8, parsed); will try to load it.
2021-01-28 19:40:01,404 DEBUG [main] cache:45 - TemplateLoader.findTemplateSource("v3html/category-view/v3-html-category-view_en.ftl"): Not found
2021-01-28 19:40:01,404 DEBUG [main] cache:45 - TemplateLoader.findTemplateSource("v3html/category-view/v3-html-category-view.ftl"): Found
2021-01-28 19:40:01,404 DEBUG [main] cache:45 - Loading template for "v3html/category-view/v3-html-category-view.ftl"("en", UTF-8, parsed) from "jar:file:/Users/zuura/.m2/repository/com/aventstack/extentreports/4.0.4/extentreports-4.0.4.jar!/com/aventstack/extentreports/view/v3html/category-view/v3-html-category-view.ftl"
2021-01-28 19:40:01,407 DEBUG [main] cache:45 - Couldn't find template in cache for "v3html/exception-view/v3-html-exception-view.ftl"("en", UTF-8, parsed); will try to load it.
2021-01-28 19:40:01,408 DEBUG [main] cache:45 - TemplateLoader.findTemplateSource("v3html/exception-view/v3-html-exception-view_en.ftl"): Not found
2021-01-28 19:40:01,408 DEBUG [main] cache:45 - TemplateLoader.findTemplateSource("v3html/exception-view/v3-html-exception-view.ftl"): Found
2021-01-28 19:40:01,408 DEBUG [main] cache:45 - Loading template for "v3html/exception-view/v3-html-exception-view.ftl"("en", UTF-8, parsed) from "jar:file:/Users/zuura/.m2/repository/com/aventstack/extentreports/4.0.4/extentreports-4.0.4.jar!/com/aventstack/extentreports/view/v3html/exception-view/v3-html-exception-view.ftl"
2021-01-28 19:40:01,411 DEBUG [main] cache:45 - Couldn't find template in cache for "v3html/author-view/v3-html-author-view.ftl"("en", UTF-8, parsed); will try to load it.
2021-01-28 19:40:01,411 DEBUG [main] cache:45 - TemplateLoader.findTemplateSource("v3html/author-view/v3-html-author-view_en.ftl"): Not found
2021-01-28 19:40:01,412 DEBUG [main] cache:45 - TemplateLoader.findTemplateSource("v3html/author-view/v3-html-author-view.ftl"): Found
2021-01-28 19:40:01,412 DEBUG [main] cache:45 - Loading template for "v3html/author-view/v3-html-author-view.ftl"("en", UTF-8, parsed) from "jar:file:/Users/zuura/.m2/repository/com/aventstack/extentreports/4.0.4/extentreports-4.0.4.jar!/com/aventstack/extentreports/view/v3html/author-view/v3-html-author-view.ftl"
2021-01-28 19:40:01,414 DEBUG [main] cache:45 - Couldn't find template in cache for "v3html/dashboard-view/v3-html-dashboard-view.ftl"("en", UTF-8, parsed); will try to load it.
2021-01-28 19:40:01,414 DEBUG [main] cache:45 - TemplateLoader.findTemplateSource("v3html/dashboard-view/v3-html-dashboard-view_en.ftl"): Not found
2021-01-28 19:40:01,415 DEBUG [main] cache:45 - TemplateLoader.findTemplateSource("v3html/dashboard-view/v3-html-dashboard-view.ftl"): Found
2021-01-28 19:40:01,415 DEBUG [main] cache:45 - Loading template for "v3html/dashboard-view/v3-html-dashboard-view.ftl"("en", UTF-8, parsed) from "jar:file:/Users/zuura/.m2/repository/com/aventstack/extentreports/4.0.4/extentreports-4.0.4.jar!/com/aventstack/extentreports/view/v3html/dashboard-view/v3-html-dashboard-view.ftl"
2021-01-28 19:40:01,421 DEBUG [main] cache:45 - Couldn't find template in cache for "v3html/logs-view/v3-html-testrunner-logs-view.ftl"("en", UTF-8, parsed); will try to load it.
2021-01-28 19:40:01,421 DEBUG [main] cache:45 - TemplateLoader.findTemplateSource("v3html/logs-view/v3-html-testrunner-logs-view_en.ftl"): Not found
2021-01-28 19:40:01,422 DEBUG [main] cache:45 - TemplateLoader.findTemplateSource("v3html/logs-view/v3-html-testrunner-logs-view.ftl"): Found
2021-01-28 19:40:01,422 DEBUG [main] cache:45 - Loading template for "v3html/logs-view/v3-html-testrunner-logs-view.ftl"("en", UTF-8, parsed) from "jar:file:/Users/zuura/.m2/repository/com/aventstack/extentreports/4.0.4/extentreports-4.0.4.jar!/com/aventstack/extentreports/view/v3html/logs-view/v3-html-testrunner-logs-view.ftl"
2021-01-29 00:24:41,892  INFO [main] EmployeeRestAPI:15 - Started Get all employees endpoint
2021-01-29 00:24:41,921  INFO [main] EmployeeRestAPI:17 - Started Get single employee endpoint
2021-01-29 00:24:41,930  INFO [main] EmployeeRestAPI:23 - Started Creating new employee
2021-01-29 00:24:41,943  INFO [main] EmployeeRestAPI:22 - Started Updating single employee endpoint
2021-01-29 00:24:41,954  INFO [main] EmployeeRestAPI:47 - Checking status code
2021-01-29 00:24:41,957  INFO [main] EmployeeRestAPI:60 - Checking response time
2021-01-29 00:24:41,959  INFO [main] EmployeeRestAPI:73 - Checking status line
2021-01-29 00:24:41,961  INFO [main] EmployeeRestAPI:84 - Checking content type
2021-01-29 00:24:41,963  INFO [main] EmployeeRestAPI:96 - Checking server type
2021-01-29 00:24:41,965  INFO [main] EmployeeRestAPI:109 - Finished test case Get All Employees endpoint
2021-01-29 00:28:04,896  INFO [main] EmployeeRestAPI:15 - Started Get all employees endpoint
2021-01-29 00:28:09,059  INFO [main] EmployeeRestAPI:30 - Checking response body
2021-01-29 00:28:09,080  INFO [main] EmployeeRestAPI:43 - Checking status code
2021-01-29 00:28:09,081  INFO [main] EmployeeRestAPI:56 - Checking response time
2021-01-29 00:28:09,082  INFO [main] EmployeeRestAPI:69 - Checking status line
2021-01-29 00:28:09,083  INFO [main] EmployeeRestAPI:80 - Checking content type
2021-01-29 00:28:09,085  INFO [main] EmployeeRestAPI:92 - Checking server type
2021-01-29 00:28:09,086  INFO [main] EmployeeRestAPI:116 - Checking content encoding
2021-01-29 00:28:09,087  INFO [main] EmployeeRestAPI:129 - Finished test case Get All Employees endpoint
2021-01-29 00:28:09,091  INFO [main] EmployeeRestAPI:17 - Started Get single employee endpoint
2021-01-29 00:28:11,839  INFO [main] EmployeeRestAPI:32 - Checking response body
2021-01-29 00:28:12,331  INFO [main] EmployeeRestAPI:53 - Checking status code
2021-01-29 00:28:12,332  INFO [main] EmployeeRestAPI:66 - Checking response time
2021-01-29 00:28:12,333  INFO [main] EmployeeRestAPI:79 - Checking status line
2021-01-29 00:28:12,334  INFO [main] EmployeeRestAPI:90 - Checking content type
2021-01-29 00:28:12,335  INFO [main] EmployeeRestAPI:102 - Checking server type
2021-01-29 00:28:12,337  INFO [main] EmployeeRestAPI:127 - Finished test case Get All Employees endpoint
2021-01-29 00:28:12,340  INFO [main] EmployeeRestAPI:23 - Started Creating new employee
2021-01-29 00:28:15,555  INFO [main] EmployeeRestAPI:48 - Checking response body
2021-01-29 00:28:15,606  INFO [main] EmployeeRestAPI:63 - Checking status code
2021-01-29 00:28:15,607  INFO [main] EmployeeRestAPI:76 - Checking response time
2021-01-29 00:28:15,608  INFO [main] EmployeeRestAPI:89 - Checking status line
2021-01-29 00:28:15,609  INFO [main] EmployeeRestAPI:100 - Checking content type
2021-01-29 00:28:15,610  INFO [main] EmployeeRestAPI:112 - Checking server type
2021-01-29 00:28:15,610  INFO [main] EmployeeRestAPI:136 - Finished test case Get All Employees endpoint
2021-01-29 00:28:15,613  INFO [main] EmployeeRestAPI:22 - Started Updating single employee endpoint
2021-01-29 00:28:19,496  INFO [main] EmployeeRestAPI:46 - Checking response body
2021-01-29 00:28:19,521  INFO [main] EmployeeRestAPI:61 - Checking status code
2021-01-29 00:28:19,522  INFO [main] EmployeeRestAPI:74 - Checking response time
2021-01-29 00:28:19,524  INFO [main] EmployeeRestAPI:87 - Checking status line
2021-01-29 00:28:19,527  INFO [main] EmployeeRestAPI:98 - Checking content type
2021-01-29 00:28:19,530  INFO [main] EmployeeRestAPI:110 - Checking server type
2021-01-29 00:28:19,533  INFO [main] EmployeeRestAPI:134 - Finished test case Get All Employees endpoint
2021-01-29 00:28:19,540  INFO [main] EmployeeRestAPI:47 - Checking status code
2021-01-29 00:28:19,541  INFO [main] EmployeeRestAPI:60 - Checking response time
2021-01-29 00:28:19,545  INFO [main] EmployeeRestAPI:73 - Checking status line
2021-01-29 00:28:19,549  INFO [main] EmployeeRestAPI:84 - Checking content type
2021-01-29 00:28:19,556  INFO [main] EmployeeRestAPI:96 - Checking server type
2021-01-29 00:28:19,558  INFO [main] EmployeeRestAPI:109 - Finished test case Get All Employees endpoint
